P
PP
PPP
PPPP
PPPA
PPPS
PPPW
PPPF
PPPH
PPPN
PPPY
PPPT
PPPX
PPA
PPAP
PPAA
PPAS
PPAW
PPAF
PPAH
PPAN
PPAY
PPAT
PPAX
PPS
PPSP
PPSA
PPSS
PPSW
PPSF
PPSH
PPSN
PPSY
PPST
PPSX
PPW
PPWP
PPWA
PPWS
PPWW
PPWF
PPWH
PPWN
PPWY
PPWT
PPWX
PPF
PPFP
PPFA
PPFS
PPFW
PPFF
PPFH
PPFN
PPFY
PPFT
PPFX
PPH
PPHP
PPHA
PPHS
PPHW
PPHF
PPHH
PPHN
PPHY
PPHT
PPHX
PPN
PPNP
PPNA
PPNS
PPNW
PPNF
PPNH
PPNN
PPNY
PPNT
PPNX
PPY
PPYP
PPYA
PPYS
PPYW
PPYF
PPYH
PPYN
PPYY
PPYT
PPYX
PPT
PPTP
PPTA
PPTS
PPTW
PPTF
PPTH
PPTN
PPTY
PPTT
PPTX
PPX
PPXP
PPXA
PPXS
PPXW
PPXF
PPXH
PPXN
PPXY
PPXT
PPXX
PA
PAP
PAPP
PAPA
PAPS
PAPW
PAPF
PAPH
PAPN
PAPY
PAPT
PAPX
PAA
PAAP
PAAA
PAAS
PAAW
PAAF
PAAH
PAAN
PAAY
PAAT
PAAX
PAS
PASP
PASA
PASS
PASW
PASF
PASH
PASN
PASY
PAST
PASX
PAW
PAWP
PAWA
PAWS
PAWW
PAWF
PAWH
PAWN
PAWY
PAWT
PAWX
PAF
PAFP
PAFA
PAFS
PAFW
PAFF
PAFH
PAFN
PAFY
PAFT
PAFX
PAH
PAHP
PAHA
PAHS
PAHW
PAHF
PAHH
PAHN
PAHY
PAHT
PAHX
PAN
PANP
PANA
PANS
PANW
PANF
PANH
PANN
PANY
PANT
PANX
PAY
PAYP
PAYA
PAYS
PAYW
PAYF
PAYH
PAYN
PAYY
PAYT
PAYX
PAT
PATP
PATA
PATS
PATW
PATF
PATH
PATN
PATY
PATT
PATX
PAX
PAXP
PAXA
PAXS
PAXW
PAXF
PAXH
PAXN
PAXY
PAXT
PAXX
PS
PSP
PSPP
PSPA
PSPS
PSPW
PSPF
PSPH
PSPN
PSPY
PSPT
PSPX
PSA
PSAP
PSAA
PSAS
PSAW
PSAF
PSAH
PSAN
PSAY
PSAT
PSAX
PSS
PSSP
PSSA
PSSS
PSSW
PSSF
PSSH
PSSN
PSSY
PSST
PSSX
PSW
PSWP
PSWA
PSWS
PSWW
PSWF
PSWH
PSWN
PSWY
PSWT
PSWX
PSF
PSFP
PSFA
PSFS
PSFW
PSFF
PSFH
PSFN
PSFY
PSFT
PSFX
PSH
PSHP
PSHA
PSHS
PSHW
PSHF
PSHH
PSHN
PSHY
PSHT
PSHX
PSN
PSNP
PSNA
PSNS
PSNW
PSNF
PSNH
PSNN
PSNY
PSNT
PSNX
PSY
PSYP
PSYA
PSYS
PSYW
PSYF
PSYH
PSYN
PSYY
PSYT
PSYX
PST
PSTP
PSTA
PSTS
PSTW
PSTF
PSTH
PSTN
PSTY
PSTT
PSTX
PSX
PSXP
PSXA
PSXS
PSXW
PSXF
PSXH
PSXN
PSXY
PSXT
PSXX
PW
PWP
PWPP
PWPA
PWPS
PWPW
PWPF
PWPH
PWPN
PWPY
PWPT
PWPX
PWA
PWAP
PWAA
PWAS
PWAW
PWAF
PWAH
PWAN
PWAY
PWAT
PWAX
PWS
PWSP
PWSA
PWSS
PWSW
PWSF
PWSH
PWSN
PWSY
PWST
PWSX
PWW
PWWP
PWWA
PWWS
PWWW
PWWF
PWWH
PWWN
PWWY
PWWT
PWWX
PWF
PWFP
PWFA
PWFS
PWFW
PWFF
PWFH
PWFN
PWFY
PWFT
PWFX
PWH
PWHP
PWHA
PWHS
PWHW
PWHF
PWHH
PWHN
PWHY
PWHT
PWHX
PWN
PWNP
PWNA
PWNS
PWNW
PWNF
PWNH
PWNN
PWNY
PWNT
PWNX
PWY
PWYP
PWYA
PWYS
PWYW
PWYF
PWYH
PWYN
PWYY
PWYT
PWYX
PWT
PWTP
PWTA
PWTS
PWTW
PWTF
PWTH
PWTN
PWTY
PWTT
PWTX
PWX
PWXP
PWXA
PWXS
PWXW
PWXF
PWXH
PWXN
PWXY
PWXT
PWXX
PF
PFP
PFPP
PFPA
PFPS
PFPW
PFPF
PFPH
PFPN
PFPY
PFPT
PFPX
PFA
PFAP
PFAA
PFAS
PFAW
PFAF
PFAH
PFAN
PFAY
PFAT
PFAX
PFS
PFSP
PFSA
PFSS
PFSW
PFSF
PFSH
PFSN
PFSY
PFST
PFSX
PFW
PFWP
PFWA
PFWS
PFWW
PFWF
PFWH
PFWN
PFWY
PFWT
PFWX
PFF
PFFP
PFFA
PFFS
PFFW
PFFF
PFFH
PFFN
PFFY
PFFT
PFFX
PFH
PFHP
PFHA
PFHS
PFHW
PFHF
PFHH
PFHN
PFHY
PFHT
PFHX
PFN
PFNP
PFNA
PFNS
PFNW
PFNF
PFNH
PFNN
PFNY
PFNT
PFNX
PFY
PFYP
PFYA
PFYS
PFYW
PFYF
PFYH
PFYN
PFYY
PFYT
PFYX
PFT
PFTP
PFTA
PFTS
PFTW
PFTF
PFTH
PFTN
PFTY
PFTT
PFTX
PFX
PFXP
PFXA
PFXS
PFXW
PFXF
PFXH
PFXN
PFXY
PFXT
PFXX
PH
PHP
PHPP
PHPA
PHPS
PHPW
PHPF
PHPH
PHPN
PHPY
PHPT
PHPX
PHA
PHAP
PHAA
PHAS
PHAW
PHAF
PHAH
PHAN
PHAY
PHAT
PHAX
PHS
PHSP
PHSA
PHSS
PHSW
PHSF
PHSH
PHSN
PHSY
PHST
PHSX
PHW
PHWP
PHWA
PHWS
PHWW
PHWF
PHWH
PHWN
PHWY
PHWT
PHWX
PHF
PHFP
PHFA
PHFS
PHFW
PHFF
PHFH
PHFN
PHFY
PHFT
PHFX
PHH
PHHP
PHHA
PHHS
PHHW
PHHF
PHHH
PHHN
PHHY
PHHT
PHHX
PHN
PHNP
PHNA
PHNS
PHNW
PHNF
PHNH
PHNN
PHNY
PHNT
PHNX
PHY
PHYP
PHYA
PHYS
PHYW
PHYF
PHYH
PHYN
PHYY
PHYT
PHYX
PHT
PHTP
PHTA
PHTS
PHTW
PHTF
PHTH
PHTN
PHTY
PHTT
PHTX
PHX
PHXP
PHXA
PHXS
PHXW
PHXF
PHXH
PHXN
PHXY
PHXT
PHXX
PN
PNP
PNPP
PNPA
PNPS
PNPW
PNPF
PNPH
PNPN
PNPY
PNPT
PNPX
PNA
PNAP
PNAA
PNAS
PNAW
PNAF
PNAH
PNAN
PNAY
PNAT
PNAX
PNS
PNSP
PNSA
PNSS
PNSW
PNSF
PNSH
PNSN
PNSY
PNST
PNSX
PNW
PNWP
PNWA
PNWS
PNWW
PNWF
PNWH
PNWN
PNWY
PNWT
PNWX
PNF
PNFP
PNFA
PNFS
PNFW
PNFF
PNFH
PNFN
PNFY
PNFT
PNFX
PNH
PNHP
PNHA
PNHS
PNHW
PNHF
PNHH
PNHN
PNHY
PNHT
PNHX
PNN
PNNP
PNNA
PNNS
PNNW
PNNF
PNNH
PNNN
PNNY
PNNT
PNNX
PNY
PNYP
PNYA
PNYS
PNYW
PNYF
PNYH
PNYN
PNYY
PNYT
PNYX
PNT
PNTP
PNTA
PNTS
PNTW
PNTF
PNTH
PNTN
PNTY
PNTT
PNTX
PNX
PNXP
PNXA
PNXS
PNXW
PNXF
PNXH
PNXN
PNXY
PNXT
PNXX
PY
PYP
PYPP
PYPA
PYPS
PYPW
PYPF
PYPH
PYPN
PYPY
PYPT
PYPX
PYA
PYAP
PYAA
PYAS
PYAW
PYAF
PYAH
PYAN
PYAY
PYAT
PYAX
PYS
PYSP
PYSA
PYSS
PYSW
PYSF
PYSH
PYSN
PYSY
PYST
PYSX
PYW
PYWP
PYWA
PYWS
PYWW
PYWF
PYWH
PYWN
PYWY
PYWT
PYWX
PYF
PYFP
PYFA
PYFS
PYFW
PYFF
PYFH
PYFN
PYFY
PYFT
PYFX
PYH
PYHP
PYHA
PYHS
PYHW
PYHF
PYHH
PYHN
PYHY
PYHT
PYHX
PYN
PYNP
PYNA
PYNS
PYNW
PYNF
PYNH
PYNN
PYNY
PYNT
PYNX
PYY
PYYP
PYYA
PYYS
PYYW
PYYF
PYYH
PYYN
PYYY
PYYT
PYYX
PYT
PYTP
PYTA
PYTS
PYTW
PYTF
PYTH
PYTN
PYTY
PYTT
PYTX
PYX
PYXP
PYXA
PYXS
PYXW
PYXF
PYXH
PYXN
PYXY
PYXT
PYXX
PT
PTP
PTPP
PTPA
PTPS
PTPW
PTPF
PTPH
PTPN
PTPY
PTPT
PTPX
PTA
PTAP
PTAA
PTAS
PTAW
PTAF
PTAH
PTAN
PTAY
PTAT
PTAX
PTS
PTSP
PTSA
PTSS
PTSW
PTSF
PTSH
PTSN
PTSY
PTST
PTSX
PTW
PTWP
PTWA
PTWS
PTWW
PTWF
PTWH
PTWN
PTWY
PTWT
PTWX
PTF
PTFP
PTFA
PTFS
PTFW
PTFF
PTFH
PTFN
PTFY
PTFT
PTFX
PTH
PTHP
PTHA
PTHS
PTHW
PTHF
PTHH
PTHN
PTHY
PTHT
PTHX
PTN
PTNP
PTNA
PTNS
PTNW
PTNF
PTNH
PTNN
PTNY
PTNT
PTNX
PTY
PTYP
PTYA
PTYS
PTYW
PTYF
PTYH
PTYN
PTYY
PTYT
PTYX
PTT
PTTP
PTTA
PTTS
PTTW
PTTF
PTTH
PTTN
PTTY
PTTT
PTTX
PTX
PTXP
PTXA
PTXS
PTXW
PTXF
PTXH
PTXN
PTXY
PTXT
PTXX
PX
PXP
PXPP
PXPA
PXPS
PXPW
PXPF
PXPH
PXPN
PXPY
PXPT
PXPX
PXA
PXAP
PXAA
PXAS
PXAW
PXAF
PXAH
PXAN
PXAY
PXAT
PXAX
PXS
PXSP
PXSA
PXSS
PXSW
PXSF
PXSH
PXSN
PXSY
PXST
PXSX
PXW
PXWP
PXWA
PXWS
PXWW
PXWF
PXWH
PXWN
PXWY
PXWT
PXWX
PXF
PXFP
PXFA
PXFS
PXFW
PXFF
PXFH
PXFN
PXFY
PXFT
PXFX
PXH
PXHP
PXHA
PXHS
PXHW
PXHF
PXHH
PXHN
PXHY
PXHT
PXHX
PXN
PXNP
PXNA
PXNS
PXNW
PXNF
PXNH
PXNN
PXNY
PXNT
PXNX
PXY
PXYP
PXYA
PXYS
PXYW
PXYF
PXYH
PXYN
PXYY
PXYT
PXYX
PXT
PXTP
PXTA
PXTS
PXTW
PXTF
PXTH
PXTN
PXTY
PXTT
PXTX
PXX
PXXP
PXXA
PXXS
PXXW
PXXF
PXXH
PXXN
PXXY
PXXT
PXXX
A
AP
APP
APPP
APPA
APPS
APPW
APPF
APPH
APPN
APPY
APPT
APPX
APA
APAP
APAA
APAS
APAW
APAF
APAH
APAN
APAY
APAT
APAX
APS
APSP
APSA
APSS
APSW
APSF
APSH
APSN
APSY
APST
APSX
APW
APWP
APWA
APWS
APWW
APWF
APWH
APWN
APWY
APWT
APWX
APF
APFP
APFA
APFS
APFW
APFF
APFH
APFN
APFY
APFT
APFX
APH
APHP
APHA
APHS
APHW
APHF
APHH
APHN
APHY
APHT
APHX
APN
APNP
APNA
APNS
APNW
APNF
APNH
APNN
APNY
APNT
APNX
APY
APYP
APYA
APYS
APYW
APYF
APYH
APYN
APYY
APYT
APYX
APT
APTP
APTA
APTS
APTW
APTF
APTH
APTN
APTY
APTT
APTX
APX
APXP
APXA
APXS
APXW
APXF
APXH
APXN
APXY
APXT
APXX
AA
AAP
AAPP
AAPA
AAPS
AAPW
AAPF
AAPH
AAPN
AAPY
AAPT
AAPX
AAA
AAAP
AAAA
AAAS
AAAW
AAAF
AAAH
AAAN
AAAY
AAAT
AAAX
AAS
AASP
AASA
AASS
AASW
AASF
AASH
AASN
AASY
AAST
AASX
AAW
AAWP
AAWA
AAWS
AAWW
AAWF
AAWH
AAWN
AAWY
AAWT
AAWX
AAF
AAFP
AAFA
AAFS
AAFW
AAFF
AAFH
AAFN
AAFY
AAFT
AAFX
AAH
AAHP
AAHA
AAHS
AAHW
AAHF
AAHH
AAHN
AAHY
AAHT
AAHX
AAN
AANP
AANA
AANS
AANW
AANF
AANH
AANN
AANY
AANT
AANX
AAY
AAYP
AAYA
AAYS
AAYW
AAYF
AAYH
AAYN
AAYY
AAYT
AAYX
AAT
AATP
AATA
AATS
AATW
AATF
AATH
AATN
AATY
AATT
AATX
AAX
AAXP
AAXA
AAXS
AAXW
AAXF
AAXH
AAXN
AAXY
AAXT
AAXX
AS
ASP
ASPP
ASPA
ASPS
ASPW
ASPF
ASPH
ASPN
ASPY
ASPT
ASPX
ASA
ASAP
ASAA
ASAS
ASAW
ASAF
ASAH
ASAN
ASAY
ASAT
ASAX
ASS
ASSP
ASSA
ASSS
ASSW
ASSF
ASSH
ASSN
ASSY
ASST
ASSX
ASW
ASWP
ASWA
ASWS
ASWW
ASWF
ASWH
ASWN
ASWY
ASWT
ASWX
ASF
ASFP
ASFA
ASFS
ASFW
ASFF
ASFH
ASFN
ASFY
ASFT
ASFX
ASH
ASHP
ASHA
ASHS
ASHW
ASHF
ASHH
ASHN
ASHY
ASHT
ASHX
ASN
ASNP
ASNA
ASNS
ASNW
ASNF
ASNH
ASNN
ASNY
ASNT
ASNX
ASY
ASYP
ASYA
ASYS
ASYW
ASYF
ASYH
ASYN
ASYY
ASYT
ASYX
AST
ASTP
ASTA
ASTS
ASTW
ASTF
ASTH
ASTN
ASTY
ASTT
ASTX
ASX
ASXP
ASXA
ASXS
ASXW
ASXF
ASXH
ASXN
ASXY
ASXT
ASXX
AW
AWP
AWPP
AWPA
AWPS
AWPW
AWPF
AWPH
AWPN
AWPY
AWPT
AWPX
AWA
AWAP
AWAA
AWAS
AWAW
AWAF
AWAH
AWAN
AWAY
AWAT
AWAX
AWS
AWSP
AWSA
AWSS
AWSW
AWSF
AWSH
AWSN
AWSY
AWST
AWSX
AWW
AWWP
AWWA
AWWS
AWWW
AWWF
AWWH
AWWN
AWWY
AWWT
AWWX
AWF
AWFP
AWFA
AWFS
AWFW
AWFF
AWFH
AWFN
AWFY
AWFT
AWFX
AWH
AWHP
AWHA
AWHS
AWHW
AWHF
AWHH
AWHN
AWHY
AWHT
AWHX
AWN
AWNP
AWNA
AWNS
AWNW
AWNF
AWNH
AWNN
AWNY
AWNT
AWNX
AWY
AWYP
AWYA
AWYS
AWYW
AWYF
AWYH
AWYN
AWYY
AWYT
AWYX
AWT
AWTP
AWTA
AWTS
AWTW
AWTF
AWTH
AWTN
AWTY
AWTT
AWTX
AWX
AWXP
AWXA
AWXS
AWXW
AWXF
AWXH
AWXN
AWXY
AWXT
AWXX
AF
AFP
AFPP
AFPA
AFPS
AFPW
AFPF
AFPH
AFPN
AFPY
AFPT
AFPX
AFA
AFAP
AFAA
AFAS
AFAW
AFAF
AFAH
AFAN
AFAY
AFAT
AFAX
AFS
AFSP
AFSA
AFSS
AFSW
AFSF
AFSH
AFSN
AFSY
AFST
AFSX
AFW
AFWP
AFWA
AFWS
AFWW
AFWF
AFWH
AFWN
AFWY
AFWT
AFWX
AFF
AFFP
AFFA
AFFS
AFFW
AFFF
AFFH
AFFN
AFFY
AFFT
AFFX
AFH
AFHP
AFHA
AFHS
AFHW
AFHF
AFHH
AFHN
AFHY
AFHT
AFHX
AFN
AFNP
AFNA
AFNS
AFNW
AFNF
AFNH
AFNN
AFNY
AFNT
AFNX
AFY
AFYP
AFYA
AFYS
AFYW
AFYF
AFYH
AFYN
AFYY
AFYT
AFYX
AFT
AFTP
AFTA
AFTS
AFTW
AFTF
AFTH
AFTN
AFTY
AFTT
AFTX
AFX
AFXP
AFXA
AFXS
AFXW
AFXF
AFXH
AFXN
AFXY
AFXT
AFXX
AH
AHP
AHPP
AHPA
AHPS
AHPW
AHPF
AHPH
AHPN
AHPY
AHPT
AHPX
AHA
AHAP
AHAA
AHAS
AHAW
AHAF
AHAH
AHAN
AHAY
AHAT
AHAX
AHS
AHSP
AHSA
AHSS
AHSW
AHSF
AHSH
AHSN
AHSY
AHST
AHSX
AHW
AHWP
AHWA
AHWS
AHWW
AHWF
AHWH
AHWN
AHWY
AHWT
AHWX
AHF
AHFP
AHFA
AHFS
AHFW
AHFF
AHFH
AHFN
AHFY
AHFT
AHFX
AHH
AHHP
AHHA
AHHS
AHHW
AHHF
AHHH
AHHN
AHHY
AHHT
AHHX
AHN
AHNP
AHNA
AHNS
AHNW
AHNF
AHNH
AHNN
AHNY
AHNT
AHNX
AHY
AHYP
AHYA
AHYS
AHYW
AHYF
AHYH
AHYN
AHYY
AHYT
AHYX
AHT
AHTP
AHTA
AHTS
AHTW
AHTF
AHTH
AHTN
AHTY
AHTT
AHTX
AHX
AHXP
AHXA
AHXS
AHXW
AHXF
AHXH
AHXN
AHXY
AHXT
AHXX
AN
ANP
ANPP
ANPA
ANPS
ANPW
ANPF
ANPH
ANPN
ANPY
ANPT
ANPX
ANA
ANAP
ANAA
ANAS
ANAW
ANAF
ANAH
ANAN
ANAY
ANAT
ANAX
ANS
ANSP
ANSA
ANSS
ANSW
ANSF
ANSH
ANSN
ANSY
ANST
ANSX
ANW
ANWP
ANWA
ANWS
ANWW
ANWF
ANWH
ANWN
ANWY
ANWT
ANWX
ANF
ANFP
ANFA
ANFS
ANFW
ANFF
ANFH
ANFN
ANFY
ANFT
ANFX
ANH
ANHP
ANHA
ANHS
ANHW
ANHF
ANHH
ANHN
ANHY
ANHT
ANHX
ANN
ANNP
ANNA
ANNS
ANNW
ANNF
ANNH
ANNN
ANNY
ANNT
ANNX
ANY
ANYP
ANYA
ANYS
ANYW
ANYF
ANYH
ANYN
ANYY
ANYT
ANYX
ANT
ANTP
ANTA
ANTS
ANTW
ANTF
ANTH
ANTN
ANTY
ANTT
ANTX
ANX
ANXP
ANXA
ANXS
ANXW
ANXF
ANXH
ANXN
ANXY
ANXT
ANXX
AY
AYP
AYPP
AYPA
AYPS
AYPW
AYPF
AYPH
AYPN
AYPY
AYPT
AYPX
AYA
AYAP
AYAA
AYAS
AYAW
AYAF
AYAH
AYAN
AYAY
AYAT
AYAX
AYS
AYSP
AYSA
AYSS
AYSW
AYSF
AYSH
AYSN
AYSY
AYST
AYSX
AYW
AYWP
AYWA
AYWS
AYWW
AYWF
AYWH
AYWN
AYWY
AYWT
AYWX
AYF
AYFP
AYFA
AYFS
AYFW
AYFF
AYFH
AYFN
AYFY
AYFT
AYFX
AYH
AYHP
AYHA
AYHS
AYHW
AYHF
AYHH
AYHN
AYHY
AYHT
AYHX
AYN
AYNP
AYNA
AYNS
AYNW
AYNF
AYNH
AYNN
AYNY
AYNT
AYNX
AYY
AYYP
AYYA
AYYS
AYYW
AYYF
AYYH
AYYN
AYYY
AYYT
AYYX
AYT
AYTP
AYTA
AYTS
AYTW
AYTF
AYTH
AYTN
AYTY
AYTT
AYTX
AYX
AYXP
AYXA
AYXS
AYXW
AYXF
AYXH
AYXN
AYXY
AYXT
AYXX
AT
ATP
ATPP
ATPA
ATPS
ATPW
ATPF
ATPH
ATPN
ATPY
ATPT
ATPX
ATA
ATAP
ATAA
ATAS
ATAW
ATAF
ATAH
ATAN
ATAY
ATAT
ATAX
ATS
ATSP
ATSA
ATSS
ATSW
ATSF
ATSH
ATSN
ATSY
ATST
ATSX
ATW
ATWP
ATWA
ATWS
ATWW
ATWF
ATWH
ATWN
ATWY
ATWT
ATWX
ATF
ATFP
ATFA
ATFS
ATFW
ATFF
ATFH
ATFN
ATFY
ATFT
ATFX
ATH
ATHP
ATHA
ATHS
ATHW
ATHF
ATHH
ATHN
ATHY
ATHT
ATHX
ATN
ATNP
ATNA
ATNS
ATNW
ATNF
ATNH
ATNN
ATNY
ATNT
ATNX
ATY
ATYP
ATYA
ATYS
ATYW
ATYF
ATYH
ATYN
ATYY
ATYT
ATYX
ATT
ATTP
ATTA
ATTS
ATTW
ATTF
ATTH
ATTN
ATTY
ATTT
ATTX
ATX
ATXP
ATXA
ATXS
ATXW
ATXF
ATXH
ATXN
ATXY
ATXT
ATXX
AX
AXP
AXPP
AXPA
AXPS
AXPW
AXPF
AXPH
AXPN
AXPY
AXPT
AXPX
AXA
AXAP
AXAA
AXAS
AXAW
AXAF
AXAH
AXAN
AXAY
AXAT
AXAX
AXS
AXSP
AXSA
AXSS
AXSW
AXSF
AXSH
AXSN
AXSY
AXST
AXSX
AXW
AXWP
AXWA
AXWS
AXWW
AXWF
AXWH
AXWN
AXWY
AXWT
AXWX
AXF
AXFP
AXFA
AXFS
AXFW
AXFF
AXFH
AXFN
AXFY
AXFT
AXFX
AXH
AXHP
AXHA
AXHS
AXHW
AXHF
AXHH
AXHN
AXHY
AXHT
AXHX
AXN
AXNP
AXNA
AXNS
AXNW
AXNF
AXNH
AXNN
AXNY
AXNT
AXNX
AXY
AXYP
AXYA
AXYS
AXYW
AXYF
AXYH
AXYN
AXYY
AXYT
AXYX
AXT
AXTP
AXTA
AXTS
AXTW
AXTF
AXTH
AXTN
AXTY
AXTT
AXTX
AXX
AXXP
AXXA
AXXS
AXXW
AXXF
AXXH
AXXN
AXXY
AXXT
AXXX
S
SP
SPP
SPPP
SPPA
SPPS
SPPW
SPPF
SPPH
SPPN
SPPY
SPPT
SPPX
SPA
SPAP
SPAA
SPAS
SPAW
SPAF
SPAH
SPAN
SPAY
SPAT
SPAX
SPS
SPSP
SPSA
SPSS
SPSW
SPSF
SPSH
SPSN
SPSY
SPST
SPSX
SPW
SPWP
SPWA
SPWS
SPWW
SPWF
SPWH
SPWN
SPWY
SPWT
SPWX
SPF
SPFP
SPFA
SPFS
SPFW
SPFF
SPFH
SPFN
SPFY
SPFT
SPFX
SPH
SPHP
SPHA
SPHS
SPHW
SPHF
SPHH
SPHN
SPHY
SPHT
SPHX
SPN
SPNP
SPNA
SPNS
SPNW
SPNF
SPNH
SPNN
SPNY
SPNT
SPNX
SPY
SPYP
SPYA
SPYS
SPYW
SPYF
SPYH
SPYN
SPYY
SPYT
SPYX
SPT
SPTP
SPTA
SPTS
SPTW
SPTF
SPTH
SPTN
SPTY
SPTT
SPTX
SPX
SPXP
SPXA
SPXS
SPXW
SPXF
SPXH
SPXN
SPXY
SPXT
SPXX
SA
SAP
SAPP
SAPA
SAPS
SAPW
SAPF
SAPH
SAPN
SAPY
SAPT
SAPX
SAA
SAAP
SAAA
SAAS
SAAW
SAAF
SAAH
SAAN
SAAY
SAAT
SAAX
SAS
SASP
SASA
SASS
SASW
SASF
SASH
SASN
SASY
SAST
SASX
SAW
SAWP
SAWA
SAWS
SAWW
SAWF
SAWH
SAWN
SAWY
SAWT
SAWX
SAF
SAFP
SAFA
SAFS
SAFW
SAFF
SAFH
SAFN
SAFY
SAFT
SAFX
SAH
SAHP
SAHA
SAHS
SAHW
SAHF
SAHH
SAHN
SAHY
SAHT
SAHX
SAN
SANP
SANA
SANS
SANW
SANF
SANH
SANN
SANY
SANT
SANX
SAY
SAYP
SAYA
SAYS
SAYW
SAYF
SAYH
SAYN
SAYY
SAYT
SAYX
SAT
SATP
SATA
SATS
SATW
SATF
SATH
SATN
SATY
SATT
SATX
SAX
SAXP
SAXA
SAXS
SAXW
SAXF
SAXH
SAXN
SAXY
SAXT
SAXX
SS
SSP
SSPP
SSPA
SSPS
SSPW
SSPF
SSPH
SSPN
SSPY
SSPT
SSPX
SSA
SSAP
SSAA
SSAS
SSAW
SSAF
SSAH
SSAN
SSAY
SSAT
SSAX
SSS
SSSP
SSSA
SSSS
SSSW
SSSF
SSSH
SSSN
SSSY
SSST
SSSX
SSW
SSWP
SSWA
SSWS
SSWW
SSWF
SSWH
SSWN
SSWY
SSWT
SSWX
SSF
SSFP
SSFA
SSFS
SSFW
SSFF
SSFH
SSFN
SSFY
SSFT
SSFX
SSH
SSHP
SSHA
SSHS
SSHW
SSHF
SSHH
SSHN
SSHY
SSHT
SSHX
SSN
SSNP
SSNA
SSNS
SSNW
SSNF
SSNH
SSNN
SSNY
SSNT
SSNX
SSY
SSYP
SSYA
SSYS
SSYW
SSYF
SSYH
SSYN
SSYY
SSYT
SSYX
SST
SSTP
SSTA
SSTS
SSTW
SSTF
SSTH
SSTN
SSTY
SSTT
SSTX
SSX
SSXP
SSXA
SSXS
SSXW
SSXF
SSXH
SSXN
SSXY
SSXT
SSXX
SW
SWP
SWPP
SWPA
SWPS
SWPW
SWPF
SWPH
SWPN
SWPY
SWPT
SWPX
SWA
SWAP
SWAA
SWAS
SWAW
SWAF
SWAH
SWAN
SWAY
SWAT
SWAX
SWS
SWSP
SWSA
SWSS
SWSW
SWSF
SWSH
SWSN
SWSY
SWST
SWSX
SWW
SWWP
SWWA
SWWS
SWWW
SWWF
SWWH
SWWN
SWWY
SWWT
SWWX
SWF
SWFP
SWFA
SWFS
SWFW
SWFF
SWFH
SWFN
SWFY
SWFT
SWFX
SWH
SWHP
SWHA
SWHS
SWHW
SWHF
SWHH
SWHN
SWHY
SWHT
SWHX
SWN
SWNP
SWNA
SWNS
SWNW
SWNF
SWNH
SWNN
SWNY
SWNT
SWNX
SWY
SWYP
SWYA
SWYS
SWYW
SWYF
SWYH
SWYN
SWYY
SWYT
SWYX
SWT
SWTP
SWTA
SWTS
SWTW
SWTF
SWTH
SWTN
SWTY
SWTT
SWTX
SWX
SWXP
SWXA
SWXS
SWXW
SWXF
SWXH
SWXN
SWXY
SWXT
SWXX
SF
SFP
SFPP
SFPA
SFPS
SFPW
SFPF
SFPH
SFPN
SFPY
SFPT
SFPX
SFA
SFAP
SFAA
SFAS
SFAW
SFAF
SFAH
SFAN
SFAY
SFAT
SFAX
SFS
SFSP
SFSA
SFSS
SFSW
SFSF
SFSH
SFSN
SFSY
SFST
SFSX
SFW
SFWP
SFWA
SFWS
SFWW
SFWF
SFWH
SFWN
SFWY
SFWT
SFWX
SFF
SFFP
SFFA
SFFS
SFFW
SFFF
SFFH
SFFN
SFFY
SFFT
SFFX
SFH
SFHP
SFHA
SFHS
SFHW
SFHF
SFHH
SFHN
SFHY
SFHT
SFHX
SFN
SFNP
SFNA
SFNS
SFNW
SFNF
SFNH
SFNN
SFNY
SFNT
SFNX
SFY
SFYP
SFYA
SFYS
SFYW
SFYF
SFYH
SFYN
SFYY
SFYT
SFYX
SFT
SFTP
SFTA
SFTS
SFTW
SFTF
SFTH
SFTN
SFTY
SFTT
SFTX
SFX
SFXP
SFXA
SFXS
SFXW
SFXF
SFXH
SFXN
SFXY
SFXT
SFXX
SH
SHP
SHPP
SHPA
SHPS
SHPW
SHPF
SHPH
SHPN
SHPY
SHPT
SHPX
SHA
SHAP
SHAA
SHAS
SHAW
SHAF
SHAH
SHAN
SHAY
SHAT
SHAX
SHS
SHSP
SHSA
SHSS
SHSW
SHSF
SHSH
SHSN
SHSY
SHST
SHSX
SHW
SHWP
SHWA
SHWS
SHWW
SHWF
SHWH
SHWN
SHWY
SHWT
SHWX
SHF
SHFP
SHFA
SHFS
SHFW
SHFF
SHFH
SHFN
SHFY
SHFT
SHFX
SHH
SHHP
SHHA
SHHS
SHHW
SHHF
SHHH
SHHN
SHHY
SHHT
SHHX
SHN
SHNP
SHNA
SHNS
SHNW
SHNF
SHNH
SHNN
SHNY
SHNT
SHNX
SHY
SHYP
SHYA
SHYS
SHYW
SHYF
SHYH
SHYN
SHYY
SHYT
SHYX
SHT
SHTP
SHTA
SHTS
SHTW
SHTF
SHTH
SHTN
SHTY
SHTT
SHTX
SHX
SHXP
SHXA
SHXS
SHXW
SHXF
SHXH
SHXN
SHXY
SHXT
SHXX
SN
SNP
SNPP
SNPA
SNPS
SNPW
SNPF
SNPH
SNPN
SNPY
SNPT
SNPX
SNA
SNAP
SNAA
SNAS
SNAW
SNAF
SNAH
SNAN
SNAY
SNAT
SNAX
SNS
SNSP
SNSA
SNSS
SNSW
SNSF
SNSH
SNSN
SNSY
SNST
SNSX
SNW
SNWP
SNWA
SNWS
SNWW
SNWF
SNWH
SNWN
SNWY
SNWT
SNWX
SNF
SNFP
SNFA
SNFS
SNFW
SNFF
SNFH
SNFN
SNFY
SNFT
SNFX
SNH
SNHP
SNHA
SNHS
SNHW
SNHF
SNHH
SNHN
SNHY
SNHT
SNHX
SNN
SNNP
SNNA
SNNS
SNNW
SNNF
SNNH
SNNN
SNNY
SNNT
SNNX
SNY
SNYP
SNYA
SNYS
SNYW
SNYF
SNYH
SNYN
SNYY
SNYT
SNYX
SNT
SNTP
SNTA
SNTS
SNTW
SNTF
SNTH
SNTN
SNTY
SNTT
SNTX
SNX
SNXP
SNXA
SNXS
SNXW
SNXF
SNXH
SNXN
SNXY
SNXT
SNXX
SY
SYP
SYPP
SYPA
SYPS
SYPW
SYPF
SYPH
SYPN
SYPY
SYPT
SYPX
SYA
SYAP
SYAA
SYAS
SYAW
SYAF
SYAH
SYAN
SYAY
SYAT
SYAX
SYS
SYSP
SYSA
SYSS
SYSW
SYSF
SYSH
SYSN
SYSY
SYST
SYSX
SYW
SYWP
SYWA
SYWS
SYWW
SYWF
SYWH
SYWN
SYWY
SYWT
SYWX
SYF
SYFP
SYFA
SYFS
SYFW
SYFF
SYFH
SYFN
SYFY
SYFT
SYFX
SYH
SYHP
SYHA
SYHS
SYHW
SYHF
SYHH
SYHN
SYHY
SYHT
SYHX
SYN
SYNP
SYNA
SYNS
SYNW
SYNF
SYNH
SYNN
SYNY
SYNT
SYNX
SYY
SYYP
SYYA
SYYS
SYYW
SYYF
SYYH
SYYN
SYYY
SYYT
SYYX
SYT
SYTP
SYTA
SYTS
SYTW
SYTF
SYTH
SYTN
SYTY
SYTT
SYTX
SYX
SYXP
SYXA
SYXS
SYXW
SYXF
SYXH
SYXN
SYXY
SYXT
SYXX
ST
STP
STPP
STPA
STPS
STPW
STPF
STPH
STPN
STPY
STPT
STPX
STA
STAP
STAA
STAS
STAW
STAF
STAH
STAN
STAY
STAT
STAX
STS
STSP
STSA
STSS
STSW
STSF
STSH
STSN
STSY
STST
STSX
STW
STWP
STWA
STWS
STWW
STWF
STWH
STWN
STWY
STWT
STWX
STF
STFP
STFA
STFS
STFW
STFF
STFH
STFN
STFY
STFT
STFX
STH
STHP
STHA
STHS
STHW
STHF
STHH
STHN
STHY
STHT
STHX
STN
STNP
STNA
STNS
STNW
STNF
STNH
STNN
STNY
STNT
STNX
STY
STYP
STYA
STYS
STYW
STYF
STYH
STYN
STYY
STYT
STYX
STT
STTP
STTA
STTS
STTW
STTF
STTH
STTN
STTY
STTT
STTX
STX
STXP
STXA
STXS
STXW
STXF
STXH
STXN
STXY
STXT
STXX
SX
SXP
SXPP
SXPA
SXPS
SXPW
SXPF
SXPH
SXPN
SXPY
SXPT
SXPX
SXA
SXAP
SXAA
SXAS
SXAW
SXAF
SXAH
SXAN
SXAY
SXAT
SXAX
SXS
SXSP
SXSA
SXSS
SXSW
SXSF
SXSH
SXSN
SXSY
SXST
SXSX
SXW
SXWP
SXWA
SXWS
SXWW
SXWF
SXWH
SXWN
SXWY
SXWT
SXWX
SXF
SXFP
SXFA
SXFS
SXFW
SXFF
SXFH
SXFN
SXFY
SXFT
SXFX
SXH
SXHP
SXHA
SXHS
SXHW
SXHF
SXHH
SXHN
SXHY
SXHT
SXHX
SXN
SXNP
SXNA
SXNS
SXNW
SXNF
SXNH
SXNN
SXNY
SXNT
SXNX
SXY
SXYP
SXYA
SXYS
SXYW
SXYF
SXYH
SXYN
SXYY
SXYT
SXYX
SXT
SXTP
SXTA
SXTS
SXTW
SXTF
SXTH
SXTN
SXTY
SXTT
SXTX
SXX
SXXP
SXXA
SXXS
SXXW
SXXF
SXXH
SXXN
SXXY
SXXT
SXXX
W
WP
WPP
WPPP
WPPA
WPPS
WPPW
WPPF
WPPH
WPPN
WPPY
WPPT
WPPX
WPA
WPAP
WPAA
WPAS
WPAW
WPAF
WPAH
WPAN
WPAY
WPAT
WPAX
WPS
WPSP
WPSA
WPSS
WPSW
WPSF
WPSH
WPSN
WPSY
WPST
WPSX
WPW
WPWP
WPWA
WPWS
WPWW
WPWF
WPWH
WPWN
WPWY
WPWT
WPWX
WPF
WPFP
WPFA
WPFS
WPFW
WPFF
WPFH
WPFN
WPFY
WPFT
WPFX
WPH
WPHP
WPHA
WPHS
WPHW
WPHF
WPHH
WPHN
WPHY
WPHT
WPHX
WPN
WPNP
WPNA
WPNS
WPNW
WPNF
WPNH
WPNN
WPNY
WPNT
WPNX
WPY
WPYP
WPYA
WPYS
WPYW
WPYF
WPYH
WPYN
WPYY
WPYT
WPYX
WPT
WPTP
WPTA
WPTS
WPTW
WPTF
WPTH
WPTN
WPTY
WPTT
WPTX
WPX
WPXP
WPXA
WPXS
WPXW
WPXF
WPXH
WPXN
WPXY
WPXT
WPXX
WA
WAP
WAPP
WAPA
WAPS
WAPW
WAPF
WAPH
WAPN
WAPY
WAPT
WAPX
WAA
WAAP
WAAA
WAAS
WAAW
WAAF
WAAH
WAAN
WAAY
WAAT
WAAX
WAS
WASP
WASA
WASS
WASW
WASF
WASH
WASN
WASY
WAST
WASX
WAW
WAWP
WAWA
WAWS
WAWW
WAWF
WAWH
WAWN
WAWY
WAWT
WAWX
WAF
WAFP
WAFA
WAFS
WAFW
WAFF
WAFH
WAFN
WAFY
WAFT
WAFX
WAH
WAHP
WAHA
WAHS
WAHW
WAHF
WAHH
WAHN
WAHY
WAHT
WAHX
WAN
WANP
WANA
WANS
WANW
WANF
WANH
WANN
WANY
WANT
WANX
WAY
WAYP
WAYA
WAYS
WAYW
WAYF
WAYH
WAYN
WAYY
WAYT
WAYX
WAT
WATP
WATA
WATS
WATW
WATF
WATH
WATN
WATY
WATT
WATX
WAX
WAXP
WAXA
WAXS
WAXW
WAXF
WAXH
WAXN
WAXY
WAXT
WAXX
WS
WSP
WSPP
WSPA
WSPS
WSPW
WSPF
WSPH
WSPN
WSPY
WSPT
WSPX
WSA
WSAP
WSAA
WSAS
WSAW
WSAF
WSAH
WSAN
WSAY
WSAT
WSAX
WSS
WSSP
WSSA
WSSS
WSSW
WSSF
WSSH
WSSN
WSSY
WSST
WSSX
WSW
WSWP
WSWA
WSWS
WSWW
WSWF
WSWH
WSWN
WSWY
WSWT
WSWX
WSF
WSFP
WSFA
WSFS
WSFW
WSFF
WSFH
WSFN
WSFY
WSFT
WSFX
WSH
WSHP
WSHA
WSHS
WSHW
WSHF
WSHH
WSHN
WSHY
WSHT
WSHX
WSN
WSNP
WSNA
WSNS
WSNW
WSNF
WSNH
WSNN
WSNY
WSNT
WSNX
WSY
WSYP
WSYA
WSYS
WSYW
WSYF
WSYH
WSYN
WSYY
WSYT
WSYX
WST
WSTP
WSTA
WSTS
WSTW
WSTF
WSTH
WSTN
WSTY
WSTT
WSTX
WSX
WSXP
WSXA
WSXS
WSXW
WSXF
WSXH
WSXN
WSXY
WSXT
WSXX
WW
WWP
WWPP
WWPA
WWPS
WWPW
WWPF
WWPH
WWPN
WWPY
WWPT
WWPX
WWA
WWAP
WWAA
WWAS
WWAW
WWAF
WWAH
WWAN
WWAY
WWAT
WWAX
WWS
WWSP
WWSA
WWSS
WWSW
WWSF
WWSH
WWSN
WWSY
WWST
WWSX
WWW
WWWP
WWWA
WWWS
WWWW
WWWF
WWWH
WWWN
WWWY
WWWT
WWWX
WWF
WWFP
WWFA
WWFS
WWFW
WWFF
WWFH
WWFN
WWFY
WWFT
WWFX
WWH
WWHP
WWHA
WWHS
WWHW
WWHF
WWHH
WWHN
WWHY
WWHT
WWHX
WWN
WWNP
WWNA
WWNS
WWNW
WWNF
WWNH
WWNN
WWNY
WWNT
WWNX
WWY
WWYP
WWYA
WWYS
WWYW
WWYF
WWYH
WWYN
WWYY
WWYT
WWYX
WWT
WWTP
WWTA
WWTS
WWTW
WWTF
WWTH
WWTN
WWTY
WWTT
WWTX
WWX
WWXP
WWXA
WWXS
WWXW
WWXF
WWXH
WWXN
WWXY
WWXT
WWXX
WF
WFP
WFPP
WFPA
WFPS
WFPW
WFPF
WFPH
WFPN
WFPY
WFPT
WFPX
WFA
WFAP
WFAA
WFAS
WFAW
WFAF
WFAH
WFAN
WFAY
WFAT
WFAX
WFS
WFSP
WFSA
WFSS
WFSW
WFSF
WFSH
WFSN
WFSY
WFST
WFSX
WFW
WFWP
WFWA
WFWS
WFWW
WFWF
WFWH
WFWN
WFWY
WFWT
WFWX
WFF
WFFP
WFFA
WFFS
WFFW
WFFF
WFFH
WFFN
WFFY
WFFT
WFFX
WFH
WFHP
WFHA
WFHS
WFHW
WFHF
WFHH
WFHN
WFHY
WFHT
WFHX
WFN
WFNP
WFNA
WFNS
WFNW
WFNF
WFNH
WFNN
WFNY
WFNT
WFNX
WFY
WFYP
WFYA
WFYS
WFYW
WFYF
WFYH
WFYN
WFYY
WFYT
WFYX
WFT
WFTP
WFTA
WFTS
WFTW
WFTF
WFTH
WFTN
WFTY
WFTT
WFTX
WFX
WFXP
WFXA
WFXS
WFXW
WFXF
WFXH
WFXN
WFXY
WFXT
WFXX
WH
WHP
WHPP
WHPA
WHPS
WHPW
WHPF
WHPH
WHPN
WHPY
WHPT
WHPX
WHA
WHAP
WHAA
WHAS
WHAW
WHAF
WHAH
WHAN
WHAY
WHAT
WHAX
WHS
WHSP
WHSA
WHSS
WHSW
WHSF
WHSH
WHSN
WHSY
WHST
WHSX
WHW
WHWP
WHWA
WHWS
WHWW
WHWF
WHWH
WHWN
WHWY
WHWT
WHWX
WHF
WHFP
WHFA
WHFS
WHFW
WHFF
WHFH
WHFN
WHFY
WHFT
WHFX
WHH
WHHP
WHHA
WHHS
WHHW
WHHF
WHHH
WHHN
WHHY
WHHT
WHHX
WHN
WHNP
WHNA
WHNS
WHNW
WHNF
WHNH
WHNN
WHNY
WHNT
WHNX
WHY
WHYP
WHYA
WHYS
WHYW
WHYF
WHYH
WHYN
WHYY
WHYT
WHYX
WHT
WHTP
WHTA
WHTS
WHTW
WHTF
WHTH
WHTN
WHTY
WHTT
WHTX
WHX
WHXP
WHXA
WHXS
WHXW
WHXF
WHXH
WHXN
WHXY
WHXT
WHXX
WN
WNP
WNPP
WNPA
WNPS
WNPW
WNPF
WNPH
WNPN
WNPY
WNPT
WNPX
WNA
WNAP
WNAA
WNAS
WNAW
WNAF
WNAH
WNAN
WNAY
WNAT
WNAX
WNS
WNSP
WNSA
WNSS
WNSW
WNSF
WNSH
WNSN
WNSY
WNST
WNSX
WNW
WNWP
WNWA
WNWS
WNWW
WNWF
WNWH
WNWN
WNWY
WNWT
WNWX
WNF
WNFP
WNFA
WNFS
WNFW
WNFF
WNFH
WNFN
WNFY
WNFT
WNFX
WNH
WNHP
WNHA
WNHS
WNHW
WNHF
WNHH
WNHN
WNHY
WNHT
WNHX
WNN
WNNP
WNNA
WNNS
WNNW
WNNF
WNNH
WNNN
WNNY
WNNT
WNNX
WNY
WNYP
WNYA
WNYS
WNYW
WNYF
WNYH
WNYN
WNYY
WNYT
WNYX
WNT
WNTP
WNTA
WNTS
WNTW
WNTF
WNTH
WNTN
WNTY
WNTT
WNTX
WNX
WNXP
WNXA
WNXS
WNXW
WNXF
WNXH
WNXN
WNXY
WNXT
WNXX
WY
WYP
WYPP
WYPA
WYPS
WYPW
WYPF
WYPH
WYPN
WYPY
WYPT
WYPX
WYA
WYAP
WYAA
WYAS
WYAW
WYAF
WYAH
WYAN
WYAY
WYAT
WYAX
WYS
WYSP
WYSA
WYSS
WYSW
WYSF
WYSH
WYSN
WYSY
WYST
WYSX
WYW
WYWP
WYWA
WYWS
WYWW
WYWF
WYWH
WYWN
WYWY
WYWT
WYWX
WYF
WYFP
WYFA
WYFS
WYFW
WYFF
WYFH
WYFN
WYFY
WYFT
WYFX
WYH
WYHP
WYHA
WYHS
WYHW
WYHF
WYHH
WYHN
WYHY
WYHT
WYHX
WYN
WYNP
WYNA
WYNS
WYNW
WYNF
WYNH
WYNN
WYNY
WYNT
WYNX
WYY
WYYP
WYYA
WYYS
WYYW
WYYF
WYYH
WYYN
WYYY
WYYT
WYYX
WYT
WYTP
WYTA
WYTS
WYTW
WYTF
WYTH
WYTN
WYTY
WYTT
WYTX
WYX
WYXP
WYXA
WYXS
WYXW
WYXF
WYXH
WYXN
WYXY
WYXT
WYXX
WT
WTP
WTPP
WTPA
WTPS
WTPW
WTPF
WTPH
WTPN
WTPY
WTPT
WTPX
WTA
WTAP
WTAA
WTAS
WTAW
WTAF
WTAH
WTAN
WTAY
WTAT
WTAX
WTS
WTSP
WTSA
WTSS
WTSW
WTSF
WTSH
WTSN
WTSY
WTST
WTSX
WTW
WTWP
WTWA
WTWS
WTWW
WTWF
WTWH
WTWN
WTWY
WTWT
WTWX
WTF
WTFP
WTFA
WTFS
WTFW
WTFF
WTFH
WTFN
WTFY
WTFT
WTFX
WTH
WTHP
WTHA
WTHS
WTHW
WTHF
WTHH
WTHN
WTHY
WTHT
WTHX
WTN
WTNP
WTNA
WTNS
WTNW
WTNF
WTNH
WTNN
WTNY
WTNT
WTNX
WTY
WTYP
WTYA
WTYS
WTYW
WTYF
WTYH
WTYN
WTYY
WTYT
WTYX
WTT
WTTP
WTTA
WTTS
WTTW
WTTF
WTTH
WTTN
WTTY
WTTT
WTTX
WTX
WTXP
WTXA
WTXS
WTXW
WTXF
WTXH
WTXN
WTXY
WTXT
WTXX
WX
WXP
WXPP
WXPA
WXPS
WXPW
WXPF
WXPH
WXPN
WXPY
WXPT
WXPX
WXA
WXAP
WXAA
WXAS
WXAW
WXAF
WXAH
WXAN
WXAY
WXAT
WXAX
WXS
WXSP
WXSA
WXSS
WXSW
WXSF
WXSH
WXSN
WXSY
WXST
WXSX
WXW
WXWP
WXWA
WXWS
WXWW
WXWF
WXWH
WXWN
WXWY
WXWT
WXWX
WXF
WXFP
WXFA
WXFS
WXFW
WXFF
WXFH
WXFN
WXFY
WXFT
WXFX
WXH
WXHP
WXHA
WXHS
WXHW
WXHF
WXHH
WXHN
WXHY
WXHT
WXHX
WXN
WXNP
WXNA
WXNS
WXNW
WXNF
WXNH
WXNN
WXNY
WXNT
WXNX
WXY
WXYP
WXYA
WXYS
WXYW
WXYF
WXYH
WXYN
WXYY
WXYT
WXYX
WXT
WXTP
WXTA
WXTS
WXTW
WXTF
WXTH
WXTN
WXTY
WXTT
WXTX
WXX
WXXP
WXXA
WXXS
WXXW
WXXF
WXXH
WXXN
WXXY
WXXT
WXXX
F
FP
FPP
FPPP
FPPA
FPPS
FPPW
FPPF
FPPH
FPPN
FPPY
FPPT
FPPX
FPA
FPAP
FPAA
FPAS
FPAW
FPAF
FPAH
FPAN
FPAY
FPAT
FPAX
FPS
FPSP
FPSA
FPSS
FPSW
FPSF
FPSH
FPSN
FPSY
FPST
FPSX
FPW
FPWP
FPWA
FPWS
FPWW
FPWF
FPWH
FPWN
FPWY
FPWT
FPWX
FPF
FPFP
FPFA
FPFS
FPFW
FPFF
FPFH
FPFN
FPFY
FPFT
FPFX
FPH
FPHP
FPHA
FPHS
FPHW
FPHF
FPHH
FPHN
FPHY
FPHT
FPHX
FPN
FPNP
FPNA
FPNS
FPNW
FPNF
FPNH
FPNN
FPNY
FPNT
FPNX
FPY
FPYP
FPYA
FPYS
FPYW
FPYF
FPYH
FPYN
FPYY
FPYT
FPYX
FPT
FPTP
FPTA
FPTS
FPTW
FPTF
FPTH
FPTN
FPTY
FPTT
FPTX
FPX
FPXP
FPXA
FPXS
FPXW
FPXF
FPXH
FPXN
FPXY
FPXT
FPXX
FA
FAP
FAPP
FAPA
FAPS
FAPW
FAPF
FAPH
FAPN
FAPY
FAPT
FAPX
FAA
FAAP
FAAA
FAAS
FAAW
FAAF
FAAH
FAAN
FAAY
FAAT
FAAX
FAS
FASP
FASA
FASS
FASW
FASF
FASH
FASN
FASY
FAST
FASX
FAW
FAWP
FAWA
FAWS
FAWW
FAWF
FAWH
FAWN
FAWY
FAWT
FAWX
FAF
FAFP
FAFA
FAFS
FAFW
FAFF
FAFH
FAFN
FAFY
FAFT
FAFX
FAH
FAHP
FAHA
FAHS
FAHW
FAHF
FAHH
FAHN
FAHY
FAHT
FAHX
FAN
FANP
FANA
FANS
FANW
FANF
FANH
FANN
FANY
FANT
FANX
FAY
FAYP
FAYA
FAYS
FAYW
FAYF
FAYH
FAYN
FAYY
FAYT
FAYX
FAT
FATP
FATA
FATS
FATW
FATF
FATH
FATN
FATY
FATT
FATX
FAX
FAXP
FAXA
FAXS
FAXW
FAXF
FAXH
FAXN
FAXY
FAXT
FAXX
FS
FSP
FSPP
FSPA
FSPS
FSPW
FSPF
FSPH
FSPN
FSPY
FSPT
FSPX
FSA
FSAP
FSAA
FSAS
FSAW
FSAF
FSAH
FSAN
FSAY
FSAT
FSAX
FSS
FSSP
FSSA
FSSS
FSSW
FSSF
FSSH
FSSN
FSSY
FSST
FSSX
FSW
FSWP
FSWA
FSWS
FSWW
FSWF
FSWH
FSWN
FSWY
FSWT
FSWX
FSF
FSFP
FSFA
FSFS
FSFW
FSFF
FSFH
FSFN
FSFY
FSFT
FSFX
FSH
FSHP
FSHA
FSHS
FSHW
FSHF
FSHH
FSHN
FSHY
FSHT
FSHX
FSN
FSNP
FSNA
FSNS
FSNW
FSNF
FSNH
FSNN
FSNY
FSNT
FSNX
FSY
FSYP
FSYA
FSYS
FSYW
FSYF
FSYH
FSYN
FSYY
FSYT
FSYX
FST
FSTP
FSTA
FSTS
FSTW
FSTF
FSTH
FSTN
FSTY
FSTT
FSTX
FSX
FSXP
FSXA
FSXS
FSXW
FSXF
FSXH
FSXN
FSXY
FSXT
FSXX
FW
FWP
FWPP
FWPA
FWPS
FWPW
FWPF
FWPH
FWPN
FWPY
FWPT
FWPX
FWA
FWAP
FWAA
FWAS
FWAW
FWAF
FWAH
FWAN
FWAY
FWAT
FWAX
FWS
FWSP
FWSA
FWSS
FWSW
FWSF
FWSH
FWSN
FWSY
FWST
FWSX
FWW
FWWP
FWWA
FWWS
FWWW
FWWF
FWWH
FWWN
FWWY
FWWT
FWWX
FWF
FWFP
FWFA
FWFS
FWFW
FWFF
FWFH
FWFN
FWFY
FWFT
FWFX
FWH
FWHP
FWHA
FWHS
FWHW
FWHF
FWHH
FWHN
FWHY
FWHT
FWHX
FWN
FWNP
FWNA
FWNS
FWNW
FWNF
FWNH
FWNN
FWNY
FWNT
FWNX
FWY
FWYP
FWYA
FWYS
FWYW
FWYF
FWYH
FWYN
FWYY
FWYT
FWYX
FWT
FWTP
FWTA
FWTS
FWTW
FWTF
FWTH
FWTN
FWTY
FWTT
FWTX
FWX
FWXP
FWXA
FWXS
FWXW
FWXF
FWXH
FWXN
FWXY
FWXT
FWXX
FF
FFP
FFPP
FFPA
FFPS
FFPW
FFPF
FFPH
FFPN
FFPY
FFPT
FFPX
FFA
FFAP
FFAA
FFAS
FFAW
FFAF
FFAH
FFAN
FFAY
FFAT
FFAX
FFS
FFSP
FFSA
FFSS
FFSW
FFSF
FFSH
FFSN
FFSY
FFST
FFSX
FFW
FFWP
FFWA
FFWS
FFWW
FFWF
FFWH
FFWN
FFWY
FFWT
FFWX
FFF
FFFP
FFFA
FFFS
FFFW
FFFF
FFFH
FFFN
FFFY
FFFT
FFFX
FFH
FFHP
FFHA
FFHS
FFHW
FFHF
FFHH
FFHN
FFHY
FFHT
FFHX
FFN
FFNP
FFNA
FFNS
FFNW
FFNF
FFNH
FFNN
FFNY
FFNT
FFNX
FFY
FFYP
FFYA
FFYS
FFYW
FFYF
FFYH
FFYN
FFYY
FFYT
FFYX
FFT
FFTP
FFTA
FFTS
FFTW
FFTF
FFTH
FFTN
FFTY
FFTT
FFTX
FFX
FFXP
FFXA
FFXS
FFXW
FFXF
FFXH
FFXN
FFXY
FFXT
FFXX
FH
FHP
FHPP
FHPA
FHPS
FHPW
FHPF
FHPH
FHPN
FHPY
FHPT
FHPX
FHA
FHAP
FHAA
FHAS
FHAW
FHAF
FHAH
FHAN
FHAY
FHAT
FHAX
FHS
FHSP
FHSA
FHSS
FHSW
FHSF
FHSH
FHSN
FHSY
FHST
FHSX
FHW
FHWP
FHWA
FHWS
FHWW
FHWF
FHWH
FHWN
FHWY
FHWT
FHWX
FHF
FHFP
FHFA
FHFS
FHFW
FHFF
FHFH
FHFN
FHFY
FHFT
FHFX
FHH
FHHP
FHHA
FHHS
FHHW
FHHF
FHHH
FHHN
FHHY
FHHT
FHHX
FHN
FHNP
FHNA
FHNS
FHNW
FHNF
FHNH
FHNN
FHNY
FHNT
FHNX
FHY
FHYP
FHYA
FHYS
FHYW
FHYF
FHYH
FHYN
FHYY
FHYT
FHYX
FHT
FHTP
FHTA
FHTS
FHTW
FHTF
FHTH
FHTN
FHTY
FHTT
FHTX
FHX
FHXP
FHXA
FHXS
FHXW
FHXF
FHXH
FHXN
FHXY
FHXT
FHXX
FN
FNP
FNPP
FNPA
FNPS
FNPW
FNPF
FNPH
FNPN
FNPY
FNPT
FNPX
FNA
FNAP
FNAA
FNAS
FNAW
FNAF
FNAH
FNAN
FNAY
FNAT
FNAX
FNS
FNSP
FNSA
FNSS
FNSW
FNSF
FNSH
FNSN
FNSY
FNST
FNSX
FNW
FNWP
FNWA
FNWS
FNWW
FNWF
FNWH
FNWN
FNWY
FNWT
FNWX
FNF
FNFP
FNFA
FNFS
FNFW
FNFF
FNFH
FNFN
FNFY
FNFT
FNFX
FNH
FNHP
FNHA
FNHS
FNHW
FNHF
FNHH
FNHN
FNHY
FNHT
FNHX
FNN
FNNP
FNNA
FNNS
FNNW
FNNF
FNNH
FNNN
FNNY
FNNT
FNNX
FNY
FNYP
FNYA
FNYS
FNYW
FNYF
FNYH
FNYN
FNYY
FNYT
FNYX
FNT
FNTP
FNTA
FNTS
FNTW
FNTF
FNTH
FNTN
FNTY
FNTT
FNTX
FNX
FNXP
FNXA
FNXS
FNXW
FNXF
FNXH
FNXN
FNXY
FNXT
FNXX
FY
FYP
FYPP
FYPA
FYPS
FYPW
FYPF
FYPH
FYPN
FYPY
FYPT
FYPX
FYA
FYAP
FYAA
FYAS
FYAW
FYAF
FYAH
FYAN
FYAY
FYAT
FYAX
FYS
FYSP
FYSA
FYSS
FYSW
FYSF
FYSH
FYSN
FYSY
FYST
FYSX
FYW
FYWP
FYWA
FYWS
FYWW
FYWF
FYWH
FYWN
FYWY
FYWT
FYWX
FYF
FYFP
FYFA
FYFS
FYFW
FYFF
FYFH
FYFN
FYFY
FYFT
FYFX
FYH
FYHP
FYHA
FYHS
FYHW
FYHF
FYHH
FYHN
FYHY
FYHT
FYHX
FYN
FYNP
FYNA
FYNS
FYNW
FYNF
FYNH
FYNN
FYNY
FYNT
FYNX
FYY
FYYP
FYYA
FYYS
FYYW
FYYF
FYYH
FYYN
FYYY
FYYT
FYYX
FYT
FYTP
FYTA
FYTS
FYTW
FYTF
FYTH
FYTN
FYTY
FYTT
FYTX
FYX
FYXP
FYXA
FYXS
FYXW
FYXF
FYXH
FYXN
FYXY
FYXT
FYXX
FT
FTP
FTPP
FTPA
FTPS
FTPW
FTPF
FTPH
FTPN
FTPY
FTPT
FTPX
FTA
FTAP
FTAA
FTAS
FTAW
FTAF
FTAH
FTAN
FTAY
FTAT
FTAX
FTS
FTSP
FTSA
FTSS
FTSW
FTSF
FTSH
FTSN
FTSY
FTST
FTSX
FTW
FTWP
FTWA
FTWS
FTWW
FTWF
FTWH
FTWN
FTWY
FTWT
FTWX
FTF
FTFP
FTFA
FTFS
FTFW
FTFF
FTFH
FTFN
FTFY
FTFT
FTFX
FTH
FTHP
FTHA
FTHS
FTHW
FTHF
FTHH
FTHN
FTHY
FTHT
FTHX
FTN
FTNP
FTNA
FTNS
FTNW
FTNF
FTNH
FTNN
FTNY
FTNT
FTNX
FTY
FTYP
FTYA
FTYS
FTYW
FTYF
FTYH
FTYN
FTYY
FTYT
FTYX
FTT
FTTP
FTTA
FTTS
FTTW
FTTF
FTTH
FTTN
FTTY
FTTT
FTTX
FTX
FTXP
FTXA
FTXS
FTXW
FTXF
FTXH
FTXN
FTXY
FTXT
FTXX
FX
FXP
FXPP
FXPA
FXPS
FXPW
FXPF
FXPH
FXPN
FXPY
FXPT
FXPX
FXA
FXAP
FXAA
FXAS
FXAW
FXAF
FXAH
FXAN
FXAY
FXAT
FXAX
FXS
FXSP
FXSA
FXSS
FXSW
FXSF
FXSH
FXSN
FXSY
FXST
FXSX
FXW
FXWP
FXWA
FXWS
FXWW
FXWF
FXWH
FXWN
FXWY
FXWT
FXWX
FXF
FXFP
FXFA
FXFS
FXFW
FXFF
FXFH
FXFN
FXFY
FXFT
FXFX
FXH
FXHP
FXHA
FXHS
FXHW
FXHF
FXHH
FXHN
FXHY
FXHT
FXHX
FXN
FXNP
FXNA
FXNS
FXNW
FXNF
FXNH
FXNN
FXNY
FXNT
FXNX
FXY
FXYP
FXYA
FXYS
FXYW
FXYF
FXYH
FXYN
FXYY
FXYT
FXYX
FXT
FXTP
FXTA
FXTS
FXTW
FXTF
FXTH
FXTN
FXTY
FXTT
FXTX
FXX
FXXP
FXXA
FXXS
FXXW
FXXF
FXXH
FXXN
FXXY
FXXT
FXXX
H
HP
HPP
HPPP
HPPA
HPPS
HPPW
HPPF
HPPH
HPPN
HPPY
HPPT
HPPX
HPA
HPAP
HPAA
HPAS
HPAW
HPAF
HPAH
HPAN
HPAY
HPAT
HPAX
HPS
HPSP
HPSA
HPSS
HPSW
HPSF
HPSH
HPSN
HPSY
HPST
HPSX
HPW
HPWP
HPWA
HPWS
HPWW
HPWF
HPWH
HPWN
HPWY
HPWT
HPWX
HPF
HPFP
HPFA
HPFS
HPFW
HPFF
HPFH
HPFN
HPFY
HPFT
HPFX
HPH
HPHP
HPHA
HPHS
HPHW
HPHF
HPHH
HPHN
HPHY
HPHT
HPHX
HPN
HPNP
HPNA
HPNS
HPNW
HPNF
HPNH
HPNN
HPNY
HPNT
HPNX
HPY
HPYP
HPYA
HPYS
HPYW
HPYF
HPYH
HPYN
HPYY
HPYT
HPYX
HPT
HPTP
HPTA
HPTS
HPTW
HPTF
HPTH
HPTN
HPTY
HPTT
HPTX
HPX
HPXP
HPXA
HPXS
HPXW
HPXF
HPXH
HPXN
HPXY
HPXT
HPXX
HA
HAP
HAPP
HAPA
HAPS
HAPW
HAPF
HAPH
HAPN
HAPY
HAPT
HAPX
HAA
HAAP
HAAA
HAAS
HAAW
HAAF
HAAH
HAAN
HAAY
HAAT
HAAX
HAS
HASP
HASA
HASS
HASW
HASF
HASH
HASN
HASY
HAST
HASX
HAW
HAWP
HAWA
HAWS
HAWW
HAWF
HAWH
HAWN
HAWY
HAWT
HAWX
HAF
HAFP
HAFA
HAFS
HAFW
HAFF
HAFH
HAFN
HAFY
HAFT
HAFX
HAH
HAHP
HAHA
HAHS
HAHW
HAHF
HAHH
HAHN
HAHY
HAHT
HAHX
HAN
HANP
HANA
HANS
HANW
HANF
HANH
HANN
HANY
HANT
HANX
HAY
HAYP
HAYA
HAYS
HAYW
HAYF
HAYH
HAYN
HAYY
HAYT
HAYX
HAT
HATP
HATA
HATS
HATW
HATF
HATH
HATN
HATY
HATT
HATX
HAX
HAXP
HAXA
HAXS
HAXW
HAXF
HAXH
HAXN
HAXY
HAXT
HAXX
HS
HSP
HSPP
HSPA
HSPS
HSPW
HSPF
HSPH
HSPN
HSPY
HSPT
HSPX
HSA
HSAP
HSAA
HSAS
HSAW
HSAF
HSAH
HSAN
HSAY
HSAT
HSAX
HSS
HSSP
HSSA
HSSS
HSSW
HSSF
HSSH
HSSN
HSSY
HSST
HSSX
HSW
HSWP
HSWA
HSWS
HSWW
HSWF
HSWH
HSWN
HSWY
HSWT
HSWX
HSF
HSFP
HSFA
HSFS
HSFW
HSFF
HSFH
HSFN
HSFY
HSFT
HSFX
HSH
HSHP
HSHA
HSHS
HSHW
HSHF
HSHH
HSHN
HSHY
HSHT
HSHX
HSN
HSNP
HSNA
HSNS
HSNW
HSNF
HSNH
HSNN
HSNY
HSNT
HSNX
HSY
HSYP
HSYA
HSYS
HSYW
HSYF
HSYH
HSYN
HSYY
HSYT
HSYX
HST
HSTP
HSTA
HSTS
HSTW
HSTF
HSTH
HSTN
HSTY
HSTT
HSTX
HSX
HSXP
HSXA
HSXS
HSXW
HSXF
HSXH
HSXN
HSXY
HSXT
HSXX
HW
HWP
HWPP
HWPA
HWPS
HWPW
HWPF
HWPH
HWPN
HWPY
HWPT
HWPX
HWA
HWAP
HWAA
HWAS
HWAW
HWAF
HWAH
HWAN
HWAY
HWAT
HWAX
HWS
HWSP
HWSA
HWSS
HWSW
HWSF
HWSH
HWSN
HWSY
HWST
HWSX
HWW
HWWP
HWWA
HWWS
HWWW
HWWF
HWWH
HWWN
HWWY
HWWT
HWWX
HWF
HWFP
HWFA
HWFS
HWFW
HWFF
HWFH
HWFN
HWFY
HWFT
HWFX
HWH
HWHP
HWHA
HWHS
HWHW
HWHF
HWHH
HWHN
HWHY
HWHT
HWHX
HWN
HWNP
HWNA
HWNS
HWNW
HWNF
HWNH
HWNN
HWNY
HWNT
HWNX
HWY
HWYP
HWYA
HWYS
HWYW
HWYF
HWYH
HWYN
HWYY
HWYT
HWYX
HWT
HWTP
HWTA
HWTS
HWTW
HWTF
HWTH
HWTN
HWTY
HWTT
HWTX
HWX
HWXP
HWXA
HWXS
HWXW
HWXF
HWXH
HWXN
HWXY
HWXT
HWXX
HF
HFP
HFPP
HFPA
HFPS
HFPW
HFPF
HFPH
HFPN
HFPY
HFPT
HFPX
HFA
HFAP
HFAA
HFAS
HFAW
HFAF
HFAH
HFAN
HFAY
HFAT
HFAX
HFS
HFSP
HFSA
HFSS
HFSW
HFSF
HFSH
HFSN
HFSY
HFST
HFSX
HFW
HFWP
HFWA
HFWS
HFWW
HFWF
HFWH
HFWN
HFWY
HFWT
HFWX
HFF
HFFP
HFFA
HFFS
HFFW
HFFF
HFFH
HFFN
HFFY
HFFT
HFFX
HFH
HFHP
HFHA
HFHS
HFHW
HFHF
HFHH
HFHN
HFHY
HFHT
HFHX
HFN
HFNP
HFNA
HFNS
HFNW
HFNF
HFNH
HFNN
HFNY
HFNT
HFNX
HFY
HFYP
HFYA
HFYS
HFYW
HFYF
HFYH
HFYN
HFYY
HFYT
HFYX
HFT
HFTP
HFTA
HFTS
HFTW
HFTF
HFTH
HFTN
HFTY
HFTT
HFTX
HFX
HFXP
HFXA
HFXS
HFXW
HFXF
HFXH
HFXN
HFXY
HFXT
HFXX
HH
HHP
HHPP
HHPA
HHPS
HHPW
HHPF
HHPH
HHPN
HHPY
HHPT
HHPX
HHA
HHAP
HHAA
HHAS
HHAW
HHAF
HHAH
HHAN
HHAY
HHAT
HHAX
HHS
HHSP
HHSA
HHSS
HHSW
HHSF
HHSH
HHSN
HHSY
HHST
HHSX
HHW
HHWP
HHWA
HHWS
HHWW
HHWF
HHWH
HHWN
HHWY
HHWT
HHWX
HHF
HHFP
HHFA
HHFS
HHFW
HHFF
HHFH
HHFN
HHFY
HHFT
HHFX
HHH
HHHP
HHHA
HHHS
HHHW
HHHF
HHHH
HHHN
HHHY
HHHT
HHHX
HHN
HHNP
HHNA
HHNS
HHNW
HHNF
HHNH
HHNN
HHNY
HHNT
HHNX
HHY
HHYP
HHYA
HHYS
HHYW
HHYF
HHYH
HHYN
HHYY
HHYT
HHYX
HHT
HHTP
HHTA
HHTS
HHTW
HHTF
HHTH
HHTN
HHTY
HHTT
HHTX
HHX
HHXP
HHXA
HHXS
HHXW
HHXF
HHXH
HHXN
HHXY
HHXT
HHXX
HN
HNP
HNPP
HNPA
HNPS
HNPW
HNPF
HNPH
HNPN
HNPY
HNPT
HNPX
HNA
HNAP
HNAA
HNAS
HNAW
HNAF
HNAH
HNAN
HNAY
HNAT
HNAX
HNS
HNSP
HNSA
HNSS
HNSW
HNSF
HNSH
HNSN
HNSY
HNST
HNSX
HNW
HNWP
HNWA
HNWS
HNWW
HNWF
HNWH
HNWN
HNWY
HNWT
HNWX
HNF
HNFP
HNFA
HNFS
HNFW
HNFF
HNFH
HNFN
HNFY
HNFT
HNFX
HNH
HNHP
HNHA
HNHS
HNHW
HNHF
HNHH
HNHN
HNHY
HNHT
HNHX
HNN
HNNP
HNNA
HNNS
HNNW
HNNF
HNNH
HNNN
HNNY
HNNT
HNNX
HNY
HNYP
HNYA
HNYS
HNYW
HNYF
HNYH
HNYN
HNYY
HNYT
HNYX
HNT
HNTP
HNTA
HNTS
HNTW
HNTF
HNTH
HNTN
HNTY
HNTT
HNTX
HNX
HNXP
HNXA
HNXS
HNXW
HNXF
HNXH
HNXN
HNXY
HNXT
HNXX
HY
HYP
HYPP
HYPA
HYPS
HYPW
HYPF
HYPH
HYPN
HYPY
HYPT
HYPX
HYA
HYAP
HYAA
HYAS
HYAW
HYAF
HYAH
HYAN
HYAY
HYAT
HYAX
HYS
HYSP
HYSA
HYSS
HYSW
HYSF
HYSH
HYSN
HYSY
HYST
HYSX
HYW
HYWP
HYWA
HYWS
HYWW
HYWF
HYWH
HYWN
HYWY
HYWT
HYWX
HYF
HYFP
HYFA
HYFS
HYFW
HYFF
HYFH
HYFN
HYFY
HYFT
HYFX
HYH
HYHP
HYHA
HYHS
HYHW
HYHF
HYHH
HYHN
HYHY
HYHT
HYHX
HYN
HYNP
HYNA
HYNS
HYNW
HYNF
HYNH
HYNN
HYNY
HYNT
HYNX
HYY
HYYP
HYYA
HYYS
HYYW
HYYF
HYYH
HYYN
HYYY
HYYT
HYYX
HYT
HYTP
HYTA
HYTS
HYTW
HYTF
HYTH
HYTN
HYTY
HYTT
HYTX
HYX
HYXP
HYXA
HYXS
HYXW
HYXF
HYXH
HYXN
HYXY
HYXT
HYXX
HT
HTP
HTPP
HTPA
HTPS
HTPW
HTPF
HTPH
HTPN
HTPY
HTPT
HTPX
HTA
HTAP
HTAA
HTAS
HTAW
HTAF
HTAH
HTAN
HTAY
HTAT
HTAX
HTS
HTSP
HTSA
HTSS
HTSW
HTSF
HTSH
HTSN
HTSY
HTST
HTSX
HTW
HTWP
HTWA
HTWS
HTWW
HTWF
HTWH
HTWN
HTWY
HTWT
HTWX
HTF
HTFP
HTFA
HTFS
HTFW
HTFF
HTFH
HTFN
HTFY
HTFT
HTFX
HTH
HTHP
HTHA
HTHS
HTHW
HTHF
HTHH
HTHN
HTHY
HTHT
HTHX
HTN
HTNP
HTNA
HTNS
HTNW
HTNF
HTNH
HTNN
HTNY
HTNT
HTNX
HTY
HTYP
HTYA
HTYS
HTYW
HTYF
HTYH
HTYN
HTYY
HTYT
HTYX
HTT
HTTP
HTTA
HTTS
HTTW
HTTF
HTTH
HTTN
HTTY
HTTT
HTTX
HTX
HTXP
HTXA
HTXS
HTXW
HTXF
HTXH
HTXN
HTXY
HTXT
HTXX
HX
HXP
HXPP
HXPA
HXPS
HXPW
HXPF
HXPH
HXPN
HXPY
HXPT
HXPX
HXA
HXAP
HXAA
HXAS
HXAW
HXAF
HXAH
HXAN
HXAY
HXAT
HXAX
HXS
HXSP
HXSA
HXSS
HXSW
HXSF
HXSH
HXSN
HXSY
HXST
HXSX
HXW
HXWP
HXWA
HXWS
HXWW
HXWF
HXWH
HXWN
HXWY
HXWT
HXWX
HXF
HXFP
HXFA
HXFS
HXFW
HXFF
HXFH
HXFN
HXFY
HXFT
HXFX
HXH
HXHP
HXHA
HXHS
HXHW
HXHF
HXHH
HXHN
HXHY
HXHT
HXHX
HXN
HXNP
HXNA
HXNS
HXNW
HXNF
HXNH
HXNN
HXNY
HXNT
HXNX
HXY
HXYP
HXYA
HXYS
HXYW
HXYF
HXYH
HXYN
HXYY
HXYT
HXYX
HXT
HXTP
HXTA
HXTS
HXTW
HXTF
HXTH
HXTN
HXTY
HXTT
HXTX
HXX
HXXP
HXXA
HXXS
HXXW
HXXF
HXXH
HXXN
HXXY
HXXT
HXXX
N
NP
NPP
NPPP
NPPA
NPPS
NPPW
NPPF
NPPH
NPPN
NPPY
NPPT
NPPX
NPA
NPAP
NPAA
NPAS
NPAW
NPAF
NPAH
NPAN
NPAY
NPAT
NPAX
NPS
NPSP
NPSA
NPSS
NPSW
NPSF
NPSH
NPSN
NPSY
NPST
NPSX
NPW
NPWP
NPWA
NPWS
NPWW
NPWF
NPWH
NPWN
NPWY
NPWT
NPWX
NPF
NPFP
NPFA
NPFS
NPFW
NPFF
NPFH
NPFN
NPFY
NPFT
NPFX
NPH
NPHP
NPHA
NPHS
NPHW
NPHF
NPHH
NPHN
NPHY
NPHT
NPHX
NPN
NPNP
NPNA
NPNS
NPNW
NPNF
NPNH
NPNN
NPNY
NPNT
NPNX
NPY
NPYP
NPYA
NPYS
NPYW
NPYF
NPYH
NPYN
NPYY
NPYT
NPYX
NPT
NPTP
NPTA
NPTS
NPTW
NPTF
NPTH
NPTN
NPTY
NPTT
NPTX
NPX
NPXP
NPXA
NPXS
NPXW
NPXF
NPXH
NPXN
NPXY
NPXT
NPXX
NA
NAP
NAPP
NAPA
NAPS
NAPW
NAPF
NAPH
NAPN
NAPY
NAPT
NAPX
NAA
NAAP
NAAA
NAAS
NAAW
NAAF
NAAH
NAAN
NAAY
NAAT
NAAX
NAS
NASP
NASA
NASS
NASW
NASF
NASH
NASN
NASY
NAST
NASX
NAW
NAWP
NAWA
NAWS
NAWW
NAWF
NAWH
NAWN
NAWY
NAWT
NAWX
NAF
NAFP
NAFA
NAFS
NAFW
NAFF
NAFH
NAFN
NAFY
NAFT
NAFX
NAH
NAHP
NAHA
NAHS
NAHW
NAHF
NAHH
NAHN
NAHY
NAHT
NAHX
NAN
NANP
NANA
NANS
NANW
NANF
NANH
NANN
NANY
NANT
NANX
NAY
NAYP
NAYA
NAYS
NAYW
NAYF
NAYH
NAYN
NAYY
NAYT
NAYX
NAT
NATP
NATA
NATS
NATW
NATF
NATH
NATN
NATY
NATT
NATX
NAX
NAXP
NAXA
NAXS
NAXW
NAXF
NAXH
NAXN
NAXY
NAXT
NAXX
NS
NSP
NSPP
NSPA
NSPS
NSPW
NSPF
NSPH
NSPN
NSPY
NSPT
NSPX
NSA
NSAP
NSAA
NSAS
NSAW
NSAF
NSAH
NSAN
NSAY
NSAT
NSAX
NSS
NSSP
NSSA
NSSS
NSSW
NSSF
NSSH
NSSN
NSSY
NSST
NSSX
NSW
NSWP
NSWA
NSWS
NSWW
NSWF
NSWH
NSWN
NSWY
NSWT
NSWX
NSF
NSFP
NSFA
NSFS
NSFW
NSFF
NSFH
NSFN
NSFY
NSFT
NSFX
NSH
NSHP
NSHA
NSHS
NSHW
NSHF
NSHH
NSHN
NSHY
NSHT
NSHX
NSN
NSNP
NSNA
NSNS
NSNW
NSNF
NSNH
NSNN
NSNY
NSNT
NSNX
NSY
NSYP
NSYA
NSYS
NSYW
NSYF
NSYH
NSYN
NSYY
NSYT
NSYX
NST
NSTP
NSTA
NSTS
NSTW
NSTF
NSTH
NSTN
NSTY
NSTT
NSTX
NSX
NSXP
NSXA
NSXS
NSXW
NSXF
NSXH
NSXN
NSXY
NSXT
NSXX
NW
NWP
NWPP
NWPA
NWPS
NWPW
NWPF
NWPH
NWPN
NWPY
NWPT
NWPX
NWA
NWAP
NWAA
NWAS
NWAW
NWAF
NWAH
NWAN
NWAY
NWAT
NWAX
NWS
NWSP
NWSA
NWSS
NWSW
NWSF
NWSH
NWSN
NWSY
NWST
NWSX
NWW
NWWP
NWWA
NWWS
NWWW
NWWF
NWWH
NWWN
NWWY
NWWT
NWWX
NWF
NWFP
NWFA
NWFS
NWFW
NWFF
NWFH
NWFN
NWFY
NWFT
NWFX
NWH
NWHP
NWHA
NWHS
NWHW
NWHF
NWHH
NWHN
NWHY
NWHT
NWHX
NWN
NWNP
NWNA
NWNS
NWNW
NWNF
NWNH
NWNN
NWNY
NWNT
NWNX
NWY
NWYP
NWYA
NWYS
NWYW
NWYF
NWYH
NWYN
NWYY
NWYT
NWYX
NWT
NWTP
NWTA
NWTS
NWTW
NWTF
NWTH
NWTN
NWTY
NWTT
NWTX
NWX
NWXP
NWXA
NWXS
NWXW
NWXF
NWXH
NWXN
NWXY
NWXT
NWXX
NF
NFP
NFPP
NFPA
NFPS
NFPW
NFPF
NFPH
NFPN
NFPY
NFPT
NFPX
NFA
NFAP
NFAA
NFAS
NFAW
NFAF
NFAH
NFAN
NFAY
NFAT
NFAX
NFS
NFSP
NFSA
NFSS
NFSW
NFSF
NFSH
NFSN
NFSY
NFST
NFSX
NFW
NFWP
NFWA
NFWS
NFWW
NFWF
NFWH
NFWN
NFWY
NFWT
NFWX
NFF
NFFP
NFFA
NFFS
NFFW
NFFF
NFFH
NFFN
NFFY
NFFT
NFFX
NFH
NFHP
NFHA
NFHS
NFHW
NFHF
NFHH
NFHN
NFHY
NFHT
NFHX
NFN
NFNP
NFNA
NFNS
NFNW
NFNF
NFNH
NFNN
NFNY
NFNT
NFNX
NFY
NFYP
NFYA
NFYS
NFYW
NFYF
NFYH
NFYN
NFYY
NFYT
NFYX
NFT
NFTP
NFTA
NFTS
NFTW
NFTF
NFTH
NFTN
NFTY
NFTT
NFTX
NFX
NFXP
NFXA
NFXS
NFXW
NFXF
NFXH
NFXN
NFXY
NFXT
NFXX
NH
NHP
NHPP
NHPA
NHPS
NHPW
NHPF
NHPH
NHPN
NHPY
NHPT
NHPX
NHA
NHAP
NHAA
NHAS
NHAW
NHAF
NHAH
NHAN
NHAY
NHAT
NHAX
NHS
NHSP
NHSA
NHSS
NHSW
NHSF
NHSH
NHSN
NHSY
NHST
NHSX
NHW
NHWP
NHWA
NHWS
NHWW
NHWF
NHWH
NHWN
NHWY
NHWT
NHWX
NHF
NHFP
NHFA
NHFS
NHFW
NHFF
NHFH
NHFN
NHFY
NHFT
NHFX
NHH
NHHP
NHHA
NHHS
NHHW
NHHF
NHHH
NHHN
NHHY
NHHT
NHHX
NHN
NHNP
NHNA
NHNS
NHNW
NHNF
NHNH
NHNN
NHNY
NHNT
NHNX
NHY
NHYP
NHYA
NHYS
NHYW
NHYF
NHYH
NHYN
NHYY
NHYT
NHYX
NHT
NHTP
NHTA
NHTS
NHTW
NHTF
NHTH
NHTN
NHTY
NHTT
NHTX
NHX
NHXP
NHXA
NHXS
NHXW
NHXF
NHXH
NHXN
NHXY
NHXT
NHXX
NN
NNP
NNPP
NNPA
NNPS
NNPW
NNPF
NNPH
NNPN
NNPY
NNPT
NNPX
NNA
NNAP
NNAA
NNAS
NNAW
NNAF
NNAH
NNAN
NNAY
NNAT
NNAX
NNS
NNSP
NNSA
NNSS
NNSW
NNSF
NNSH
NNSN
NNSY
NNST
NNSX
NNW
NNWP
NNWA
NNWS
NNWW
NNWF
NNWH
NNWN
NNWY
NNWT
NNWX
NNF
NNFP
NNFA
NNFS
NNFW
NNFF
NNFH
NNFN
NNFY
NNFT
NNFX
NNH
NNHP
NNHA
NNHS
NNHW
NNHF
NNHH
NNHN
NNHY
NNHT
NNHX
NNN
NNNP
NNNA
NNNS
NNNW
NNNF
NNNH
NNNN
NNNY
NNNT
NNNX
NNY
NNYP
NNYA
NNYS
NNYW
NNYF
NNYH
NNYN
NNYY
NNYT
NNYX
NNT
NNTP
NNTA
NNTS
NNTW
NNTF
NNTH
NNTN
NNTY
NNTT
NNTX
NNX
NNXP
NNXA
NNXS
NNXW
NNXF
NNXH
NNXN
NNXY
NNXT
NNXX
NY
NYP
NYPP
NYPA
NYPS
NYPW
NYPF
NYPH
NYPN
NYPY
NYPT
NYPX
NYA
NYAP
NYAA
NYAS
NYAW
NYAF
NYAH
NYAN
NYAY
NYAT
NYAX
NYS
NYSP
NYSA
NYSS
NYSW
NYSF
NYSH
NYSN
NYSY
NYST
NYSX
NYW
NYWP
NYWA
NYWS
NYWW
NYWF
NYWH
NYWN
NYWY
NYWT
NYWX
NYF
NYFP
NYFA
NYFS
NYFW
NYFF
NYFH
NYFN
NYFY
NYFT
NYFX
NYH
NYHP
NYHA
NYHS
NYHW
NYHF
NYHH
NYHN
NYHY
NYHT
NYHX
NYN
NYNP
NYNA
NYNS
NYNW
NYNF
NYNH
NYNN
NYNY
NYNT
NYNX
NYY
NYYP
NYYA
NYYS
NYYW
NYYF
NYYH
NYYN
NYYY
NYYT
NYYX
NYT
NYTP
NYTA
NYTS
NYTW
NYTF
NYTH
NYTN
NYTY
NYTT
NYTX
NYX
NYXP
NYXA
NYXS
NYXW
NYXF
NYXH
NYXN
NYXY
NYXT
NYXX
NT
NTP
NTPP
NTPA
NTPS
NTPW
NTPF
NTPH
NTPN
NTPY
NTPT
NTPX
NTA
NTAP
NTAA
NTAS
NTAW
NTAF
NTAH
NTAN
NTAY
NTAT
NTAX
NTS
NTSP
NTSA
NTSS
NTSW
NTSF
NTSH
NTSN
NTSY
NTST
NTSX
NTW
NTWP
NTWA
NTWS
NTWW
NTWF
NTWH
NTWN
NTWY
NTWT
NTWX
NTF
NTFP
NTFA
NTFS
NTFW
NTFF
NTFH
NTFN
NTFY
NTFT
NTFX
NTH
NTHP
NTHA
NTHS
NTHW
NTHF
NTHH
NTHN
NTHY
NTHT
NTHX
NTN
NTNP
NTNA
NTNS
NTNW
NTNF
NTNH
NTNN
NTNY
NTNT
NTNX
NTY
NTYP
NTYA
NTYS
NTYW
NTYF
NTYH
NTYN
NTYY
NTYT
NTYX
NTT
NTTP
NTTA
NTTS
NTTW
NTTF
NTTH
NTTN
NTTY
NTTT
NTTX
NTX
NTXP
NTXA
NTXS
NTXW
NTXF
NTXH
NTXN
NTXY
NTXT
NTXX
NX
NXP
NXPP
NXPA
NXPS
NXPW
NXPF
NXPH
NXPN
NXPY
NXPT
NXPX
NXA
NXAP
NXAA
NXAS
NXAW
NXAF
NXAH
NXAN
NXAY
NXAT
NXAX
NXS
NXSP
NXSA
NXSS
NXSW
NXSF
NXSH
NXSN
NXSY
NXST
NXSX
NXW
NXWP
NXWA
NXWS
NXWW
NXWF
NXWH
NXWN
NXWY
NXWT
NXWX
NXF
NXFP
NXFA
NXFS
NXFW
NXFF
NXFH
NXFN
NXFY
NXFT
NXFX
NXH
NXHP
NXHA
NXHS
NXHW
NXHF
NXHH
NXHN
NXHY
NXHT
NXHX
NXN
NXNP
NXNA
NXNS
NXNW
NXNF
NXNH
NXNN
NXNY
NXNT
NXNX
NXY
NXYP
NXYA
NXYS
NXYW
NXYF
NXYH
NXYN
NXYY
NXYT
NXYX
NXT
NXTP
NXTA
NXTS
NXTW
NXTF
NXTH
NXTN
NXTY
NXTT
NXTX
NXX
NXXP
NXXA
NXXS
NXXW
NXXF
NXXH
NXXN
NXXY
NXXT
NXXX
Y
YP
YPP
YPPP
YPPA
YPPS
YPPW
YPPF
YPPH
YPPN
YPPY
YPPT
YPPX
YPA
YPAP
YPAA
YPAS
YPAW
YPAF
YPAH
YPAN
YPAY
YPAT
YPAX
YPS
YPSP
YPSA
YPSS
YPSW
YPSF
YPSH
YPSN
YPSY
YPST
YPSX
YPW
YPWP
YPWA
YPWS
YPWW
YPWF
YPWH
YPWN
YPWY
YPWT
YPWX
YPF
YPFP
YPFA
YPFS
YPFW
YPFF
YPFH
YPFN
YPFY
YPFT
YPFX
YPH
YPHP
YPHA
YPHS
YPHW
YPHF
YPHH
YPHN
YPHY
YPHT
YPHX
YPN
YPNP
YPNA
YPNS
YPNW
YPNF
YPNH
YPNN
YPNY
YPNT
YPNX
YPY
YPYP
YPYA
YPYS
YPYW
YPYF
YPYH
YPYN
YPYY
YPYT
YPYX
YPT
YPTP
YPTA
YPTS
YPTW
YPTF
YPTH
YPTN
YPTY
YPTT
YPTX
YPX
YPXP
YPXA
YPXS
YPXW
YPXF
YPXH
YPXN
YPXY
YPXT
YPXX
YA
YAP
YAPP
YAPA
YAPS
YAPW
YAPF
YAPH
YAPN
YAPY
YAPT
YAPX
YAA
YAAP
YAAA
YAAS
YAAW
YAAF
YAAH
YAAN
YAAY
YAAT
YAAX
YAS
YASP
YASA
YASS
YASW
YASF
YASH
YASN
YASY
YAST
YASX
YAW
YAWP
YAWA
YAWS
YAWW
YAWF
YAWH
YAWN
YAWY
YAWT
YAWX
YAF
YAFP
YAFA
YAFS
YAFW
YAFF
YAFH
YAFN
YAFY
YAFT
YAFX
YAH
YAHP
YAHA
YAHS
YAHW
YAHF
YAHH
YAHN
YAHY
YAHT
YAHX
YAN
YANP
YANA
YANS
YANW
YANF
YANH
YANN
YANY
YANT
YANX
YAY
YAYP
YAYA
YAYS
YAYW
YAYF
YAYH
YAYN
YAYY
YAYT
YAYX
YAT
YATP
YATA
YATS
YATW
YATF
YATH
YATN
YATY
YATT
YATX
YAX
YAXP
YAXA
YAXS
YAXW
YAXF
YAXH
YAXN
YAXY
YAXT
YAXX
YS
YSP
YSPP
YSPA
YSPS
YSPW
YSPF
YSPH
YSPN
YSPY
YSPT
YSPX
YSA
YSAP
YSAA
YSAS
YSAW
YSAF
YSAH
YSAN
YSAY
YSAT
YSAX
YSS
YSSP
YSSA
YSSS
YSSW
YSSF
YSSH
YSSN
YSSY
YSST
YSSX
YSW
YSWP
YSWA
YSWS
YSWW
YSWF
YSWH
YSWN
YSWY
YSWT
YSWX
YSF
YSFP
YSFA
YSFS
YSFW
YSFF
YSFH
YSFN
YSFY
YSFT
YSFX
YSH
YSHP
YSHA
YSHS
YSHW
YSHF
YSHH
YSHN
YSHY
YSHT
YSHX
YSN
YSNP
YSNA
YSNS
YSNW
YSNF
YSNH
YSNN
YSNY
YSNT
YSNX
YSY
YSYP
YSYA
YSYS
YSYW
YSYF
YSYH
YSYN
YSYY
YSYT
YSYX
YST
YSTP
YSTA
YSTS
YSTW
YSTF
YSTH
YSTN
YSTY
YSTT
YSTX
YSX
YSXP
YSXA
YSXS
YSXW
YSXF
YSXH
YSXN
YSXY
YSXT
YSXX
YW
YWP
YWPP
YWPA
YWPS
YWPW
YWPF
YWPH
YWPN
YWPY
YWPT
YWPX
YWA
YWAP
YWAA
YWAS
YWAW
YWAF
YWAH
YWAN
YWAY
YWAT
YWAX
YWS
YWSP
YWSA
YWSS
YWSW
YWSF
YWSH
YWSN
YWSY
YWST
YWSX
YWW
YWWP
YWWA
YWWS
YWWW
YWWF
YWWH
YWWN
YWWY
YWWT
YWWX
YWF
YWFP
YWFA
YWFS
YWFW
YWFF
YWFH
YWFN
YWFY
YWFT
YWFX
YWH
YWHP
YWHA
YWHS
YWHW
YWHF
YWHH
YWHN
YWHY
YWHT
YWHX
YWN
YWNP
YWNA
YWNS
YWNW
YWNF
YWNH
YWNN
YWNY
YWNT
YWNX
YWY
YWYP
YWYA
YWYS
YWYW
YWYF
YWYH
YWYN
YWYY
YWYT
YWYX
YWT
YWTP
YWTA
YWTS
YWTW
YWTF
YWTH
YWTN
YWTY
YWTT
YWTX
YWX
YWXP
YWXA
YWXS
YWXW
YWXF
YWXH
YWXN
YWXY
YWXT
YWXX
YF
YFP
YFPP
YFPA
YFPS
YFPW
YFPF
YFPH
YFPN
YFPY
YFPT
YFPX
YFA
YFAP
YFAA
YFAS
YFAW
YFAF
YFAH
YFAN
YFAY
YFAT
YFAX
YFS
YFSP
YFSA
YFSS
YFSW
YFSF
YFSH
YFSN
YFSY
YFST
YFSX
YFW
YFWP
YFWA
YFWS
YFWW
YFWF
YFWH
YFWN
YFWY
YFWT
YFWX
YFF
YFFP
YFFA
YFFS
YFFW
YFFF
YFFH
YFFN
YFFY
YFFT
YFFX
YFH
YFHP
YFHA
YFHS
YFHW
YFHF
YFHH
YFHN
YFHY
YFHT
YFHX
YFN
YFNP
YFNA
YFNS
YFNW
YFNF
YFNH
YFNN
YFNY
YFNT
YFNX
YFY
YFYP
YFYA
YFYS
YFYW
YFYF
YFYH
YFYN
YFYY
YFYT
YFYX
YFT
YFTP
YFTA
YFTS
YFTW
YFTF
YFTH
YFTN
YFTY
YFTT
YFTX
YFX
YFXP
YFXA
YFXS
YFXW
YFXF
YFXH
YFXN
YFXY
YFXT
YFXX
YH
YHP
YHPP
YHPA
YHPS
YHPW
YHPF
YHPH
YHPN
YHPY
YHPT
YHPX
YHA
YHAP
YHAA
YHAS
YHAW
YHAF
YHAH
YHAN
YHAY
YHAT
YHAX
YHS
YHSP
YHSA
YHSS
YHSW
YHSF
YHSH
YHSN
YHSY
YHST
YHSX
YHW
YHWP
YHWA
YHWS
YHWW
YHWF
YHWH
YHWN
YHWY
YHWT
YHWX
YHF
YHFP
YHFA
YHFS
YHFW
YHFF
YHFH
YHFN
YHFY
YHFT
YHFX
YHH
YHHP
YHHA
YHHS
YHHW
YHHF
YHHH
YHHN
YHHY
YHHT
YHHX
YHN
YHNP
YHNA
YHNS
YHNW
YHNF
YHNH
YHNN
YHNY
YHNT
YHNX
YHY
YHYP
YHYA
YHYS
YHYW
YHYF
YHYH
YHYN
YHYY
YHYT
YHYX
YHT
YHTP
YHTA
YHTS
YHTW
YHTF
YHTH
YHTN
YHTY
YHTT
YHTX
YHX
YHXP
YHXA
YHXS
YHXW
YHXF
YHXH
YHXN
YHXY
YHXT
YHXX
YN
YNP
YNPP
YNPA
YNPS
YNPW
YNPF
YNPH
YNPN
YNPY
YNPT
YNPX
YNA
YNAP
YNAA
YNAS
YNAW
YNAF
YNAH
YNAN
YNAY
YNAT
YNAX
YNS
YNSP
YNSA
YNSS
YNSW
YNSF
YNSH
YNSN
YNSY
YNST
YNSX
YNW
YNWP
YNWA
YNWS
YNWW
YNWF
YNWH
YNWN
YNWY
YNWT
YNWX
YNF
YNFP
YNFA
YNFS
YNFW
YNFF
YNFH
YNFN
YNFY
YNFT
YNFX
YNH
YNHP
YNHA
YNHS
YNHW
YNHF
YNHH
YNHN
YNHY
YNHT
YNHX
YNN
YNNP
YNNA
YNNS
YNNW
YNNF
YNNH
YNNN
YNNY
YNNT
YNNX
YNY
YNYP
YNYA
YNYS
YNYW
YNYF
YNYH
YNYN
YNYY
YNYT
YNYX
YNT
YNTP
YNTA
YNTS
YNTW
YNTF
YNTH
YNTN
YNTY
YNTT
YNTX
YNX
YNXP
YNXA
YNXS
YNXW
YNXF
YNXH
YNXN
YNXY
YNXT
YNXX
YY
YYP
YYPP
YYPA
YYPS
YYPW
YYPF
YYPH
YYPN
YYPY
YYPT
YYPX
YYA
YYAP
YYAA
YYAS
YYAW
YYAF
YYAH
YYAN
YYAY
YYAT
YYAX
YYS
YYSP
YYSA
YYSS
YYSW
YYSF
YYSH
YYSN
YYSY
YYST
YYSX
YYW
YYWP
YYWA
YYWS
YYWW
YYWF
YYWH
YYWN
YYWY
YYWT
YYWX
YYF
YYFP
YYFA
YYFS
YYFW
YYFF
YYFH
YYFN
YYFY
YYFT
YYFX
YYH
YYHP
YYHA
YYHS
YYHW
YYHF
YYHH
YYHN
YYHY
YYHT
YYHX
YYN
YYNP
YYNA
YYNS
YYNW
YYNF
YYNH
YYNN
YYNY
YYNT
YYNX
YYY
YYYP
YYYA
YYYS
YYYW
YYYF
YYYH
YYYN
YYYY
YYYT
YYYX
YYT
YYTP
YYTA
YYTS
YYTW
YYTF
YYTH
YYTN
YYTY
YYTT
YYTX
YYX
YYXP
YYXA
YYXS
YYXW
YYXF
YYXH
YYXN
YYXY
YYXT
YYXX
YT
YTP
YTPP
YTPA
YTPS
YTPW
YTPF
YTPH
YTPN
YTPY
YTPT
YTPX
YTA
YTAP
YTAA
YTAS
YTAW
YTAF
YTAH
YTAN
YTAY
YTAT
YTAX
YTS
YTSP
YTSA
YTSS
YTSW
YTSF
YTSH
YTSN
YTSY
YTST
YTSX
YTW
YTWP
YTWA
YTWS
YTWW
YTWF
YTWH
YTWN
YTWY
YTWT
YTWX
YTF
YTFP
YTFA
YTFS
YTFW
YTFF
YTFH
YTFN
YTFY
YTFT
YTFX
YTH
YTHP
YTHA
YTHS
YTHW
YTHF
YTHH
YTHN
YTHY
YTHT
YTHX
YTN
YTNP
YTNA
YTNS
YTNW
YTNF
YTNH
YTNN
YTNY
YTNT
YTNX
YTY
YTYP
YTYA
YTYS
YTYW
YTYF
YTYH
YTYN
YTYY
YTYT
YTYX
YTT
YTTP
YTTA
YTTS
YTTW
YTTF
YTTH
YTTN
YTTY
YTTT
YTTX
YTX
YTXP
YTXA
YTXS
YTXW
YTXF
YTXH
YTXN
YTXY
YTXT
YTXX
YX
YXP
YXPP
YXPA
YXPS
YXPW
YXPF
YXPH
YXPN
YXPY
YXPT
YXPX
YXA
YXAP
YXAA
YXAS
YXAW
YXAF
YXAH
YXAN
YXAY
YXAT
YXAX
YXS
YXSP
YXSA
YXSS
YXSW
YXSF
YXSH
YXSN
YXSY
YXST
YXSX
YXW
YXWP
YXWA
YXWS
YXWW
YXWF
YXWH
YXWN
YXWY
YXWT
YXWX
YXF
YXFP
YXFA
YXFS
YXFW
YXFF
YXFH
YXFN
YXFY
YXFT
YXFX
YXH
YXHP
YXHA
YXHS
YXHW
YXHF
YXHH
YXHN
YXHY
YXHT
YXHX
YXN
YXNP
YXNA
YXNS
YXNW
YXNF
YXNH
YXNN
YXNY
YXNT
YXNX
YXY
YXYP
YXYA
YXYS
YXYW
YXYF
YXYH
YXYN
YXYY
YXYT
YXYX
YXT
YXTP
YXTA
YXTS
YXTW
YXTF
YXTH
YXTN
YXTY
YXTT
YXTX
YXX
YXXP
YXXA
YXXS
YXXW
YXXF
YXXH
YXXN
YXXY
YXXT
YXXX
T
TP
TPP
TPPP
TPPA
TPPS
TPPW
TPPF
TPPH
TPPN
TPPY
TPPT
TPPX
TPA
TPAP
TPAA
TPAS
TPAW
TPAF
TPAH
TPAN
TPAY
TPAT
TPAX
TPS
TPSP
TPSA
TPSS
TPSW
TPSF
TPSH
TPSN
TPSY
TPST
TPSX
TPW
TPWP
TPWA
TPWS
TPWW
TPWF
TPWH
TPWN
TPWY
TPWT
TPWX
TPF
TPFP
TPFA
TPFS
TPFW
TPFF
TPFH
TPFN
TPFY
TPFT
TPFX
TPH
TPHP
TPHA
TPHS
TPHW
TPHF
TPHH
TPHN
TPHY
TPHT
TPHX
TPN
TPNP
TPNA
TPNS
TPNW
TPNF
TPNH
TPNN
TPNY
TPNT
TPNX
TPY
TPYP
TPYA
TPYS
TPYW
TPYF
TPYH
TPYN
TPYY
TPYT
TPYX
TPT
TPTP
TPTA
TPTS
TPTW
TPTF
TPTH
TPTN
TPTY
TPTT
TPTX
TPX
TPXP
TPXA
TPXS
TPXW
TPXF
TPXH
TPXN
TPXY
TPXT
TPXX
TA
TAP
TAPP
TAPA
TAPS
TAPW
TAPF
TAPH
TAPN
TAPY
TAPT
TAPX
TAA
TAAP
TAAA
TAAS
TAAW
TAAF
TAAH
TAAN
TAAY
TAAT
TAAX
TAS
TASP
TASA
TASS
TASW
TASF
TASH
TASN
TASY
TAST
TASX
TAW
TAWP
TAWA
TAWS
TAWW
TAWF
TAWH
TAWN
TAWY
TAWT
TAWX
TAF
TAFP
TAFA
TAFS
TAFW
TAFF
TAFH
TAFN
TAFY
TAFT
TAFX
TAH
TAHP
TAHA
TAHS
TAHW
TAHF
TAHH
TAHN
TAHY
TAHT
TAHX
TAN
TANP
TANA
TANS
TANW
TANF
TANH
TANN
TANY
TANT
TANX
TAY
TAYP
TAYA
TAYS
TAYW
TAYF
TAYH
TAYN
TAYY
TAYT
TAYX
TAT
TATP
TATA
TATS
TATW
TATF
TATH
TATN
TATY
TATT
TATX
TAX
TAXP
TAXA
TAXS
TAXW
TAXF
TAXH
TAXN
TAXY
TAXT
TAXX
TS
TSP
TSPP
TSPA
TSPS
TSPW
TSPF
TSPH
TSPN
TSPY
TSPT
TSPX
TSA
TSAP
TSAA
TSAS
TSAW
TSAF
TSAH
TSAN
TSAY
TSAT
TSAX
TSS
TSSP
TSSA
TSSS
TSSW
TSSF
TSSH
TSSN
TSSY
TSST
TSSX
TSW
TSWP
TSWA
TSWS
TSWW
TSWF
TSWH
TSWN
TSWY
TSWT
TSWX
TSF
TSFP
TSFA
TSFS
TSFW
TSFF
TSFH
TSFN
TSFY
TSFT
TSFX
TSH
TSHP
TSHA
TSHS
TSHW
TSHF
TSHH
TSHN
TSHY
TSHT
TSHX
TSN
TSNP
TSNA
TSNS
TSNW
TSNF
TSNH
TSNN
TSNY
TSNT
TSNX
TSY
TSYP
TSYA
TSYS
TSYW
TSYF
TSYH
TSYN
TSYY
TSYT
TSYX
TST
TSTP
TSTA
TSTS
TSTW
TSTF
TSTH
TSTN
TSTY
TSTT
TSTX
TSX
TSXP
TSXA
TSXS
TSXW
TSXF
TSXH
TSXN
TSXY
TSXT
TSXX
TW
TWP
TWPP
TWPA
TWPS
TWPW
TWPF
TWPH
TWPN
TWPY
TWPT
TWPX
TWA
TWAP
TWAA
TWAS
TWAW
TWAF
TWAH
TWAN
TWAY
TWAT
TWAX
TWS
TWSP
TWSA
TWSS
TWSW
TWSF
TWSH
TWSN
TWSY
TWST
TWSX
TWW
TWWP
TWWA
TWWS
TWWW
TWWF
TWWH
TWWN
TWWY
TWWT
TWWX
TWF
TWFP
TWFA
TWFS
TWFW
TWFF
TWFH
TWFN
TWFY
TWFT
TWFX
TWH
TWHP
TWHA
TWHS
TWHW
TWHF
TWHH
TWHN
TWHY
TWHT
TWHX
TWN
TWNP
TWNA
TWNS
TWNW
TWNF
TWNH
TWNN
TWNY
TWNT
TWNX
TWY
TWYP
TWYA
TWYS
TWYW
TWYF
TWYH
TWYN
TWYY
TWYT
TWYX
TWT
TWTP
TWTA
TWTS
TWTW
TWTF
TWTH
TWTN
TWTY
TWTT
TWTX
TWX
TWXP
TWXA
TWXS
TWXW
TWXF
TWXH
TWXN
TWXY
TWXT
TWXX
TF
TFP
TFPP
TFPA
TFPS
TFPW
TFPF
TFPH
TFPN
TFPY
TFPT
TFPX
TFA
TFAP
TFAA
TFAS
TFAW
TFAF
TFAH
TFAN
TFAY
TFAT
TFAX
TFS
TFSP
TFSA
TFSS
TFSW
TFSF
TFSH
TFSN
TFSY
TFST
TFSX
TFW
TFWP
TFWA
TFWS
TFWW
TFWF
TFWH
TFWN
TFWY
TFWT
TFWX
TFF
TFFP
TFFA
TFFS
TFFW
TFFF
TFFH
TFFN
TFFY
TFFT
TFFX
TFH
TFHP
TFHA
TFHS
TFHW
TFHF
TFHH
TFHN
TFHY
TFHT
TFHX
TFN
TFNP
TFNA
TFNS
TFNW
TFNF
TFNH
TFNN
TFNY
TFNT
TFNX
TFY
TFYP
TFYA
TFYS
TFYW
TFYF
TFYH
TFYN
TFYY
TFYT
TFYX
TFT
TFTP
TFTA
TFTS
TFTW
TFTF
TFTH
TFTN
TFTY
TFTT
TFTX
TFX
TFXP
TFXA
TFXS
TFXW
TFXF
TFXH
TFXN
TFXY
TFXT
TFXX
TH
THP
THPP
THPA
THPS
THPW
THPF
THPH
THPN
THPY
THPT
THPX
THA
THAP
THAA
THAS
THAW
THAF
THAH
THAN
THAY
THAT
THAX
THS
THSP
THSA
THSS
THSW
THSF
THSH
THSN
THSY
THST
THSX
THW
THWP
THWA
THWS
THWW
THWF
THWH
THWN
THWY
THWT
THWX
THF
THFP
THFA
THFS
THFW
THFF
THFH
THFN
THFY
THFT
THFX
THH
THHP
THHA
THHS
THHW
THHF
THHH
THHN
THHY
THHT
THHX
THN
THNP
THNA
THNS
THNW
THNF
THNH
THNN
THNY
THNT
THNX
THY
THYP
THYA
THYS
THYW
THYF
THYH
THYN
THYY
THYT
THYX
THT
THTP
THTA
THTS
THTW
THTF
THTH
THTN
THTY
THTT
THTX
THX
THXP
THXA
THXS
THXW
THXF
THXH
THXN
THXY
THXT
THXX
TN
TNP
TNPP
TNPA
TNPS
TNPW
TNPF
TNPH
TNPN
TNPY
TNPT
TNPX
TNA
TNAP
TNAA
TNAS
TNAW
TNAF
TNAH
TNAN
TNAY
TNAT
TNAX
TNS
TNSP
TNSA
TNSS
TNSW
TNSF
TNSH
TNSN
TNSY
TNST
TNSX
TNW
TNWP
TNWA
TNWS
TNWW
TNWF
TNWH
TNWN
TNWY
TNWT
TNWX
TNF
TNFP
TNFA
TNFS
TNFW
TNFF
TNFH
TNFN
TNFY
TNFT
TNFX
TNH
TNHP
TNHA
TNHS
TNHW
TNHF
TNHH
TNHN
TNHY
TNHT
TNHX
TNN
TNNP
TNNA
TNNS
TNNW
TNNF
TNNH
TNNN
TNNY
TNNT
TNNX
TNY
TNYP
TNYA
TNYS
TNYW
TNYF
TNYH
TNYN
TNYY
TNYT
TNYX
TNT
TNTP
TNTA
TNTS
TNTW
TNTF
TNTH
TNTN
TNTY
TNTT
TNTX
TNX
TNXP
TNXA
TNXS
TNXW
TNXF
TNXH
TNXN
TNXY
TNXT
TNXX
TY
TYP
TYPP
TYPA
TYPS
TYPW
TYPF
TYPH
TYPN
TYPY
TYPT
TYPX
TYA
TYAP
TYAA
TYAS
TYAW
TYAF
TYAH
TYAN
TYAY
TYAT
TYAX
TYS
TYSP
TYSA
TYSS
TYSW
TYSF
TYSH
TYSN
TYSY
TYST
TYSX
TYW
TYWP
TYWA
TYWS
TYWW
TYWF
TYWH
TYWN
TYWY
TYWT
TYWX
TYF
TYFP
TYFA
TYFS
TYFW
TYFF
TYFH
TYFN
TYFY
TYFT
TYFX
TYH
TYHP
TYHA
TYHS
TYHW
TYHF
TYHH
TYHN
TYHY
TYHT
TYHX
TYN
TYNP
TYNA
TYNS
TYNW
TYNF
TYNH
TYNN
TYNY
TYNT
TYNX
TYY
TYYP
TYYA
TYYS
TYYW
TYYF
TYYH
TYYN
TYYY
TYYT
TYYX
TYT
TYTP
TYTA
TYTS
TYTW
TYTF
TYTH
TYTN
TYTY
TYTT
TYTX
TYX
TYXP
TYXA
TYXS
TYXW
TYXF
TYXH
TYXN
TYXY
TYXT
TYXX
TT
TTP
TTPP
TTPA
TTPS
TTPW
TTPF
TTPH
TTPN
TTPY
TTPT
TTPX
TTA
TTAP
TTAA
TTAS
TTAW
TTAF
TTAH
TTAN
TTAY
TTAT
TTAX
TTS
TTSP
TTSA
TTSS
TTSW
TTSF
TTSH
TTSN
TTSY
TTST
TTSX
TTW
TTWP
TTWA
TTWS
TTWW
TTWF
TTWH
TTWN
TTWY
TTWT
TTWX
TTF
TTFP
TTFA
TTFS
TTFW
TTFF
TTFH
TTFN
TTFY
TTFT
TTFX
TTH
TTHP
TTHA
TTHS
TTHW
TTHF
TTHH
TTHN
TTHY
TTHT
TTHX
TTN
TTNP
TTNA
TTNS
TTNW
TTNF
TTNH
TTNN
TTNY
TTNT
TTNX
TTY
TTYP
TTYA
TTYS
TTYW
TTYF
TTYH
TTYN
TTYY
TTYT
TTYX
TTT
TTTP
TTTA
TTTS
TTTW
TTTF
TTTH
TTTN
TTTY
TTTT
TTTX
TTX
TTXP
TTXA
TTXS
TTXW
TTXF
TTXH
TTXN
TTXY
TTXT
TTXX
TX
TXP
TXPP
TXPA
TXPS
TXPW
TXPF
TXPH
TXPN
TXPY
TXPT
TXPX
TXA
TXAP
TXAA
TXAS
TXAW
TXAF
TXAH
TXAN
TXAY
TXAT
TXAX
TXS
TXSP
TXSA
TXSS
TXSW
TXSF
TXSH
TXSN
TXSY
TXST
TXSX
TXW
TXWP
TXWA
TXWS
TXWW
TXWF
TXWH
TXWN
TXWY
TXWT
TXWX
TXF
TXFP
TXFA
TXFS
TXFW
TXFF
TXFH
TXFN
TXFY
TXFT
TXFX
TXH
TXHP
TXHA
TXHS
TXHW
TXHF
TXHH
TXHN
TXHY
TXHT
TXHX
TXN
TXNP
TXNA
TXNS
TXNW
TXNF
TXNH
TXNN
TXNY
TXNT
TXNX
TXY
TXYP
TXYA
TXYS
TXYW
TXYF
TXYH
TXYN
TXYY
TXYT
TXYX
TXT
TXTP
TXTA
TXTS
TXTW
TXTF
TXTH
TXTN
TXTY
TXTT
TXTX
TXX
TXXP
TXXA
TXXS
TXXW
TXXF
TXXH
TXXN
TXXY
TXXT
TXXX
X
XP
XPP
XPPP
XPPA
XPPS
XPPW
XPPF
XPPH
XPPN
XPPY
XPPT
XPPX
XPA
XPAP
XPAA
XPAS
XPAW
XPAF
XPAH
XPAN
XPAY
XPAT
XPAX
XPS
XPSP
XPSA
XPSS
XPSW
XPSF
XPSH
XPSN
XPSY
XPST
XPSX
XPW
XPWP
XPWA
XPWS
XPWW
XPWF
XPWH
XPWN
XPWY
XPWT
XPWX
XPF
XPFP
XPFA
XPFS
XPFW
XPFF
XPFH
XPFN
XPFY
XPFT
XPFX
XPH
XPHP
XPHA
XPHS
XPHW
XPHF
XPHH
XPHN
XPHY
XPHT
XPHX
XPN
XPNP
XPNA
XPNS
XPNW
XPNF
XPNH
XPNN
XPNY
XPNT
XPNX
XPY
XPYP
XPYA
XPYS
XPYW
XPYF
XPYH
XPYN
XPYY
XPYT
XPYX
XPT
XPTP
XPTA
XPTS
XPTW
XPTF
XPTH
XPTN
XPTY
XPTT
XPTX
XPX
XPXP
XPXA
XPXS
XPXW
XPXF
XPXH
XPXN
XPXY
XPXT
XPXX
XA
XAP
XAPP
XAPA
XAPS
XAPW
XAPF
XAPH
XAPN
XAPY
XAPT
XAPX
XAA
XAAP
XAAA
XAAS
XAAW
XAAF
XAAH
XAAN
XAAY
XAAT
XAAX
XAS
XASP
XASA
XASS
XASW
XASF
XASH
XASN
XASY
XAST
XASX
XAW
XAWP
XAWA
XAWS
XAWW
XAWF
XAWH
XAWN
XAWY
XAWT
XAWX
XAF
XAFP
XAFA
XAFS
XAFW
XAFF
XAFH
XAFN
XAFY
XAFT
XAFX
XAH
XAHP
XAHA
XAHS
XAHW
XAHF
XAHH
XAHN
XAHY
XAHT
XAHX
XAN
XANP
XANA
XANS
XANW
XANF
XANH
XANN
XANY
XANT
XANX
XAY
XAYP
XAYA
XAYS
XAYW
XAYF
XAYH
XAYN
XAYY
XAYT
XAYX
XAT
XATP
XATA
XATS
XATW
XATF
XATH
XATN
XATY
XATT
XATX
XAX
XAXP
XAXA
XAXS
XAXW
XAXF
XAXH
XAXN
XAXY
XAXT
XAXX
XS
XSP
XSPP
XSPA
XSPS
XSPW
XSPF
XSPH
XSPN
XSPY
XSPT
XSPX
XSA
XSAP
XSAA
XSAS
XSAW
XSAF
XSAH
XSAN
XSAY
XSAT
XSAX
XSS
XSSP
XSSA
XSSS
XSSW
XSSF
XSSH
XSSN
XSSY
XSST
XSSX
XSW
XSWP
XSWA
XSWS
XSWW
XSWF
XSWH
XSWN
XSWY
XSWT
XSWX
XSF
XSFP
XSFA
XSFS
XSFW
XSFF
XSFH
XSFN
XSFY
XSFT
XSFX
XSH
XSHP
XSHA
XSHS
XSHW
XSHF
XSHH
XSHN
XSHY
XSHT
XSHX
XSN
XSNP
XSNA
XSNS
XSNW
XSNF
XSNH
XSNN
XSNY
XSNT
XSNX
XSY
XSYP
XSYA
XSYS
XSYW
XSYF
XSYH
XSYN
XSYY
XSYT
XSYX
XST
XSTP
XSTA
XSTS
XSTW
XSTF
XSTH
XSTN
XSTY
XSTT
XSTX
XSX
XSXP
XSXA
XSXS
XSXW
XSXF
XSXH
XSXN
XSXY
XSXT
XSXX
XW
XWP
XWPP
XWPA
XWPS
XWPW
XWPF
XWPH
XWPN
XWPY
XWPT
XWPX
XWA
XWAP
XWAA
XWAS
XWAW
XWAF
XWAH
XWAN
XWAY
XWAT
XWAX
XWS
XWSP
XWSA
XWSS
XWSW
XWSF
XWSH
XWSN
XWSY
XWST
XWSX
XWW
XWWP
XWWA
XWWS
XWWW
XWWF
XWWH
XWWN
XWWY
XWWT
XWWX
XWF
XWFP
XWFA
XWFS
XWFW
XWFF
XWFH
XWFN
XWFY
XWFT
XWFX
XWH
XWHP
XWHA
XWHS
XWHW
XWHF
XWHH
XWHN
XWHY
XWHT
XWHX
XWN
XWNP
XWNA
XWNS
XWNW
XWNF
XWNH
XWNN
XWNY
XWNT
XWNX
XWY
XWYP
XWYA
XWYS
XWYW
XWYF
XWYH
XWYN
XWYY
XWYT
XWYX
XWT
XWTP
XWTA
XWTS
XWTW
XWTF
XWTH
XWTN
XWTY
XWTT
XWTX
XWX
XWXP
XWXA
XWXS
XWXW
XWXF
XWXH
XWXN
XWXY
XWXT
XWXX
XF
XFP
XFPP
XFPA
XFPS
XFPW
XFPF
XFPH
XFPN
XFPY
XFPT
XFPX
XFA
XFAP
XFAA
XFAS
XFAW
XFAF
XFAH
XFAN
XFAY
XFAT
XFAX
XFS
XFSP
XFSA
XFSS
XFSW
XFSF
XFSH
XFSN
XFSY
XFST
XFSX
XFW
XFWP
XFWA
XFWS
XFWW
XFWF
XFWH
XFWN
XFWY
XFWT
XFWX
XFF
XFFP
XFFA
XFFS
XFFW
XFFF
XFFH
XFFN
XFFY
XFFT
XFFX
XFH
XFHP
XFHA
XFHS
XFHW
XFHF
XFHH
XFHN
XFHY
XFHT
XFHX
XFN
XFNP
XFNA
XFNS
XFNW
XFNF
XFNH
XFNN
XFNY
XFNT
XFNX
XFY
XFYP
XFYA
XFYS
XFYW
XFYF
XFYH
XFYN
XFYY
XFYT
XFYX
XFT
XFTP
XFTA
XFTS
XFTW
XFTF
XFTH
XFTN
XFTY
XFTT
XFTX
XFX
XFXP
XFXA
XFXS
XFXW
XFXF
XFXH
XFXN
XFXY
XFXT
XFXX
XH
XHP
XHPP
XHPA
XHPS
XHPW
XHPF
XHPH
XHPN
XHPY
XHPT
XHPX
XHA
XHAP
XHAA
XHAS
XHAW
XHAF
XHAH
XHAN
XHAY
XHAT
XHAX
XHS
XHSP
XHSA
XHSS
XHSW
XHSF
XHSH
XHSN
XHSY
XHST
XHSX
XHW
XHWP
XHWA
XHWS
XHWW
XHWF
XHWH
XHWN
XHWY
XHWT
XHWX
XHF
XHFP
XHFA
XHFS
XHFW
XHFF
XHFH
XHFN
XHFY
XHFT
XHFX
XHH
XHHP
XHHA
XHHS
XHHW
XHHF
XHHH
XHHN
XHHY
XHHT
XHHX
XHN
XHNP
XHNA
XHNS
XHNW
XHNF
XHNH
XHNN
XHNY
XHNT
XHNX
XHY
XHYP
XHYA
XHYS
XHYW
XHYF
XHYH
XHYN
XHYY
XHYT
XHYX
XHT
XHTP
XHTA
XHTS
XHTW
XHTF
XHTH
XHTN
XHTY
XHTT
XHTX
XHX
XHXP
XHXA
XHXS
XHXW
XHXF
XHXH
XHXN
XHXY
XHXT
XHXX
XN
XNP
XNPP
XNPA
XNPS
XNPW
XNPF
XNPH
XNPN
XNPY
XNPT
XNPX
XNA
XNAP
XNAA
XNAS
XNAW
XNAF
XNAH
XNAN
XNAY
XNAT
XNAX
XNS
XNSP
XNSA
XNSS
XNSW
XNSF
XNSH
XNSN
XNSY
XNST
XNSX
XNW
XNWP
XNWA
XNWS
XNWW
XNWF
XNWH
XNWN
XNWY
XNWT
XNWX
XNF
XNFP
XNFA
XNFS
XNFW
XNFF
XNFH
XNFN
XNFY
XNFT
XNFX
XNH
XNHP
XNHA
XNHS
XNHW
XNHF
XNHH
XNHN
XNHY
XNHT
XNHX
XNN
XNNP
XNNA
XNNS
XNNW
XNNF
XNNH
XNNN
XNNY
XNNT
XNNX
XNY
XNYP
XNYA
XNYS
XNYW
XNYF
XNYH
XNYN
XNYY
XNYT
XNYX
XNT
XNTP
XNTA
XNTS
XNTW
XNTF
XNTH
XNTN
XNTY
XNTT
XNTX
XNX
XNXP
XNXA
XNXS
XNXW
XNXF
XNXH
XNXN
XNXY
XNXT
XNXX
XY
XYP
XYPP
XYPA
XYPS
XYPW
XYPF
XYPH
XYPN
XYPY
XYPT
XYPX
XYA
XYAP
XYAA
XYAS
XYAW
XYAF
XYAH
XYAN
XYAY
XYAT
XYAX
XYS
XYSP
XYSA
XYSS
XYSW
XYSF
XYSH
XYSN
XYSY
XYST
XYSX
XYW
XYWP
XYWA
XYWS
XYWW
XYWF
XYWH
XYWN
XYWY
XYWT
XYWX
XYF
XYFP
XYFA
XYFS
XYFW
XYFF
XYFH
XYFN
XYFY
XYFT
XYFX
XYH
XYHP
XYHA
XYHS
XYHW
XYHF
XYHH
XYHN
XYHY
XYHT
XYHX
XYN
XYNP
XYNA
XYNS
XYNW
XYNF
XYNH
XYNN
XYNY
XYNT
XYNX
XYY
XYYP
XYYA
XYYS
XYYW
XYYF
XYYH
XYYN
XYYY
XYYT
XYYX
XYT
XYTP
XYTA
XYTS
XYTW
XYTF
XYTH
XYTN
XYTY
XYTT
XYTX
XYX
XYXP
XYXA
XYXS
XYXW
XYXF
XYXH
XYXN
XYXY
XYXT
XYXX
XT
XTP
XTPP
XTPA
XTPS
XTPW
XTPF
XTPH
XTPN
XTPY
XTPT
XTPX
XTA
XTAP
XTAA
XTAS
XTAW
XTAF
XTAH
XTAN
XTAY
XTAT
XTAX
XTS
XTSP
XTSA
XTSS
XTSW
XTSF
XTSH
XTSN
XTSY
XTST
XTSX
XTW
XTWP
XTWA
XTWS
XTWW
XTWF
XTWH
XTWN
XTWY
XTWT
XTWX
XTF
XTFP
XTFA
XTFS
XTFW
XTFF
XTFH
XTFN
XTFY
XTFT
XTFX
XTH
XTHP
XTHA
XTHS
XTHW
XTHF
XTHH
XTHN
XTHY
XTHT
XTHX
XTN
XTNP
XTNA
XTNS
XTNW
XTNF
XTNH
XTNN
XTNY
XTNT
XTNX
XTY
XTYP
XTYA
XTYS
XTYW
XTYF
XTYH
XTYN
XTYY
XTYT
XTYX
XTT
XTTP
XTTA
XTTS
XTTW
XTTF
XTTH
XTTN
XTTY
XTTT
XTTX
XTX
XTXP
XTXA
XTXS
XTXW
XTXF
XTXH
XTXN
XTXY
XTXT
XTXX
XX
XXP
XXPP
XXPA
XXPS
XXPW
XXPF
XXPH
XXPN
XXPY
XXPT
XXPX
XXA
XXAP
XXAA
XXAS
XXAW
XXAF
XXAH
XXAN
XXAY
XXAT
XXAX
XXS
XXSP
XXSA
XXSS
XXSW
XXSF
XXSH
XXSN
XXSY
XXST
XXSX
XXW
XXWP
XXWA
XXWS
XXWW
XXWF
XXWH
XXWN
XXWY
XXWT
XXWX
XXF
XXFP
XXFA
XXFS
XXFW
XXFF
XXFH
XXFN
XXFY
XXFT
XXFX
XXH
XXHP
XXHA
XXHS
XXHW
XXHF
XXHH
XXHN
XXHY
XXHT
XXHX
XXN
XXNP
XXNA
XXNS
XXNW
XXNF
XXNH
XXNN
XXNY
XXNT
XXNX
XXY
XXYP
XXYA
XXYS
XXYW
XXYF
XXYH
XXYN
XXYY
XXYT
XXYX
XXT
XXTP
XXTA
XXTS
XXTW
XXTF
XXTH
XXTN
XXTY
XXTT
XXTX
XXX
XXXP
XXXA
XXXS
XXXW
XXXF
XXXH
XXXN
XXXY
XXXT
XXXX
