OOOO
OOOP
OOOX
OOOV
OOOL
OOPO
OOPP
OOPX
OOPV
OOPL
OOXO
OOXP
OOXX
OOXV
OOXL
OOVO
OOVP
OOVX
OOVV
OOVL
OOLO
OOLP
OOLX
OOLV
OOLL
OPOO
OPOP
OPOX
OPOV
OPOL
OPPO
OPPP
OPPX
OPPV
OPPL
OPXO
OPXP
OPXX
OPXV
OPXL
OPVO
OPVP
OPVX
OPVV
OPVL
OPLO
OPLP
OPLX
OPLV
OPLL
OXOO
OXOP
OXOX
OXOV
OXOL
OXPO
OXPP
OXPX
OXPV
OXPL
OXXO
OXXP
OXXX
OXXV
OXXL
OXVO
OXVP
OXVX
OXVV
OXVL
OXLO
OXLP
OXLX
OXLV
OXLL
OVOO
OVOP
OVOX
OVOV
OVOL
OVPO
OVPP
OVPX
OVPV
OVPL
OVXO
OVXP
OVXX
OVXV
OVXL
OVVO
OVVP
OVVX
OVVV
OVVL
OVLO
OVLP
OVLX
OVLV
OVLL
OLOO
OLOP
OLOX
OLOV
OLOL
OLPO
OLPP
OLPX
OLPV
OLPL
OLXO
OLXP
OLXX
OLXV
OLXL
OLVO
OLVP
OLVX
OLVV
OLVL
OLLO
OLLP
OLLX
OLLV
OLLL
POOO
POOP
POOX
POOV
POOL
POPO
POPP
POPX
POPV
POPL
POXO
POXP
POXX
POXV
POXL
POVO
POVP
POVX
POVV
POVL
POLO
POLP
POLX
POLV
POLL
PPOO
PPOP
PPOX
PPOV
PPOL
PPPO
PPPP
PPPX
PPPV
PPPL
PPXO
PPXP
PPXX
PPXV
PPXL
PPVO
PPVP
PPVX
PPVV
PPVL
PPLO
PPLP
PPLX
PPLV
PPLL
PXOO
PXOP
PXOX
PXOV
PXOL
PXPO
PXPP
PXPX
PXPV
PXPL
PXXO
PXXP
PXXX
PXXV
PXXL
PXVO
PXVP
PXVX
PXVV
PXVL
PXLO
PXLP
PXLX
PXLV
PXLL
PVOO
PVOP
PVOX
PVOV
PVOL
PVPO
PVPP
PVPX
PVPV
PVPL
PVXO
PVXP
PVXX
PVXV
PVXL
PVVO
PVVP
PVVX
PVVV
PVVL
PVLO
PVLP
PVLX
PVLV
PVLL
PLOO
PLOP
PLOX
PLOV
PLOL
PLPO
PLPP
PLPX
PLPV
PLPL
PLXO
PLXP
PLXX
PLXV
PLXL
PLVO
PLVP
PLVX
PLVV
PLVL
PLLO
PLLP
PLLX
PLLV
PLLL
XOOO
XOOP
XOOX
XOOV
XOOL
XOPO
XOPP
XOPX
XOPV
XOPL
XOXO
XOXP
XOXX
XOXV
XOXL
XOVO
XOVP
XOVX
XOVV
XOVL
XOLO
XOLP
XOLX
XOLV
XOLL
XPOO
XPOP
XPOX
XPOV
XPOL
XPPO
XPPP
XPPX
XPPV
XPPL
XPXO
XPXP
XPXX
XPXV
XPXL
XPVO
XPVP
XPVX
XPVV
XPVL
XPLO
XPLP
XPLX
XPLV
XPLL
XXOO
XXOP
XXOX
XXOV
XXOL
XXPO
XXPP
XXPX
XXPV
XXPL
XXXO
XXXP
XXXX
XXXV
XXXL
XXVO
XXVP
XXVX
XXVV
XXVL
XXLO
XXLP
XXLX
XXLV
XXLL
XVOO
XVOP
XVOX
XVOV
XVOL
XVPO
XVPP
XVPX
XVPV
XVPL
XVXO
XVXP
XVXX
XVXV
XVXL
XVVO
XVVP
XVVX
XVVV
XVVL
XVLO
XVLP
XVLX
XVLV
XVLL
XLOO
XLOP
XLOX
XLOV
XLOL
XLPO
XLPP
XLPX
XLPV
XLPL
XLXO
XLXP
XLXX
XLXV
XLXL
XLVO
XLVP
XLVX
XLVV
XLVL
XLLO
XLLP
XLLX
XLLV
XLLL
VOOO
VOOP
VOOX
VOOV
VOOL
VOPO
VOPP
VOPX
VOPV
VOPL
VOXO
VOXP
VOXX
VOXV
VOXL
VOVO
VOVP
VOVX
VOVV
VOVL
VOLO
VOLP
VOLX
VOLV
VOLL
VPOO
VPOP
VPOX
VPOV
VPOL
VPPO
VPPP
VPPX
VPPV
VPPL
VPXO
VPXP
VPXX
VPXV
VPXL
VPVO
VPVP
VPVX
VPVV
VPVL
VPLO
VPLP
VPLX
VPLV
VPLL
VXOO
VXOP
VXOX
VXOV
VXOL
VXPO
VXPP
VXPX
VXPV
VXPL
VXXO
VXXP
VXXX
VXXV
VXXL
VXVO
VXVP
VXVX
VXVV
VXVL
VXLO
VXLP
VXLX
VXLV
VXLL
VVOO
VVOP
VVOX
VVOV
VVOL
VVPO
VVPP
VVPX
VVPV
VVPL
VVXO
VVXP
VVXX
VVXV
VVXL
VVVO
VVVP
VVVX
VVVV
VVVL
VVLO
VVLP
VVLX
VVLV
VVLL
VLOO
VLOP
VLOX
VLOV
VLOL
VLPO
VLPP
VLPX
VLPV
VLPL
VLXO
VLXP
VLXX
VLXV
VLXL
VLVO
VLVP
VLVX
VLVV
VLVL
VLLO
VLLP
VLLX
VLLV
VLLL
LOOO
LOOP
LOOX
LOOV
LOOL
LOPO
LOPP
LOPX
LOPV
LOPL
LOXO
LOXP
LOXX
LOXV
LOXL
LOVO
LOVP
LOVX
LOVV
LOVL
LOLO
LOLP
LOLX
LOLV
LOLL
LPOO
LPOP
LPOX
LPOV
LPOL
LPPO
LPPP
LPPX
LPPV
LPPL
LPXO
LPXP
LPXX
LPXV
LPXL
LPVO
LPVP
LPVX
LPVV
LPVL
LPLO
LPLP
LPLX
LPLV
LPLL
LXOO
LXOP
LXOX
LXOV
LXOL
LXPO
LXPP
LXPX
LXPV
LXPL
LXXO
LXXP
LXXX
LXXV
LXXL
LXVO
LXVP
LXVX
LXVV
LXVL
LXLO
LXLP
LXLX
LXLV
LXLL
LVOO
LVOP
LVOX
LVOV
LVOL
LVPO
LVPP
LVPX
LVPV
LVPL
LVXO
LVXP
LVXX
LVXV
LVXL
LVVO
LVVP
LVVX
LVVV
LVVL
LVLO
LVLP
LVLX
LVLV
LVLL
LLOO
LLOP
LLOX
LLOV
LLOL
LLPO
LLPP
LLPX
LLPV
LLPL
LLXO
LLXP
LLXX
LLXV
LLXL
LLVO
LLVP
LLVX
LLVV
LLVL
LLLO
LLLP
LLLX
LLLV
LLLL
